DEBUG - 2025-06-17 00:31:34 --> Session: Class initialized using 'CodeIgniter\Session\Handlers\FileHandler' driver.
DEBUG - 2025-06-17 00:31:34 --> Session: Class initialized using 'CodeIgniter\Session\Handlers\FileHandler' driver.
DEBUG - 2025-06-17 00:36:30 --> Session: Class initialized using 'CodeIgniter\Session\Handlers\FileHandler' driver.
DEBUG - 2025-06-17 00:36:30 --> Session: Class initialized using 'CodeIgniter\Session\Handlers\FileHandler' driver.
DEBUG - 2025-06-17 00:36:41 --> Session: Class initialized using 'CodeIgniter\Session\Handlers\FileHandler' driver.
DEBUG - 2025-06-17 00:36:41 --> Session: Class initialized using 'CodeIgniter\Session\Handlers\FileHandler' driver.
DEBUG - 2025-06-17 00:36:45 --> Session: Class initialized using 'CodeIgniter\Session\Handlers\FileHandler' driver.
DEBUG - 2025-06-17 00:36:45 --> Session: Class initialized using 'CodeIgniter\Session\Handlers\FileHandler' driver.
DEBUG - 2025-06-17 00:36:47 --> Session: Class initialized using 'CodeIgniter\Session\Handlers\FileHandler' driver.
DEBUG - 2025-06-17 00:36:47 --> Session: Class initialized using 'CodeIgniter\Session\Handlers\FileHandler' driver.
DEBUG - 2025-06-17 00:36:47 --> Session: Class initialized using 'CodeIgniter\Session\Handlers\FileHandler' driver.
DEBUG - 2025-06-17 00:36:48 --> Session: Class initialized using 'CodeIgniter\Session\Handlers\FileHandler' driver.
DEBUG - 2025-06-17 00:36:48 --> Session: Class initialized using 'CodeIgniter\Session\Handlers\FileHandler' driver.
DEBUG - 2025-06-17 00:36:48 --> Session: Class initialized using 'CodeIgniter\Session\Handlers\FileHandler' driver.
DEBUG - 2025-06-17 00:36:50 --> Session: Class initialized using 'CodeIgniter\Session\Handlers\FileHandler' driver.
DEBUG - 2025-06-17 00:41:18 --> Session: Class initialized using 'CodeIgniter\Session\Handlers\FileHandler' driver.
DEBUG - 2025-06-17 00:42:50 --> Session: Class initialized using 'CodeIgniter\Session\Handlers\FileHandler' driver.
DEBUG - 2025-06-17 00:43:27 --> Session: Class initialized using 'CodeIgniter\Session\Handlers\FileHandler' driver.
DEBUG - 2025-06-17 00:43:38 --> Session: Class initialized using 'CodeIgniter\Session\Handlers\FileHandler' driver.
DEBUG - 2025-06-17 01:00:17 --> Session: Class initialized using 'CodeIgniter\Session\Handlers\FileHandler' driver.
DEBUG - 2025-06-17 01:00:27 --> Session: Class initialized using 'CodeIgniter\Session\Handlers\FileHandler' driver.
DEBUG - 2025-06-17 01:00:44 --> Session: Class initialized using 'CodeIgniter\Session\Handlers\FileHandler' driver.
DEBUG - 2025-06-17 01:10:51 --> Session: Class initialized using 'CodeIgniter\Session\Handlers\FileHandler' driver.
DEBUG - 2025-06-17 01:10:53 --> Session: Class initialized using 'CodeIgniter\Session\Handlers\FileHandler' driver.
DEBUG - 2025-06-17 01:10:53 --> Session: Class initialized using 'CodeIgniter\Session\Handlers\FileHandler' driver.
DEBUG - 2025-06-17 01:10:53 --> Session: Class initialized using 'CodeIgniter\Session\Handlers\FileHandler' driver.
DEBUG - 2025-06-17 01:10:56 --> Session: Class initialized using 'CodeIgniter\Session\Handlers\FileHandler' driver.
DEBUG - 2025-06-17 01:11:00 --> Session: Class initialized using 'CodeIgniter\Session\Handlers\FileHandler' driver.
DEBUG - 2025-06-17 01:11:02 --> Session: Class initialized using 'CodeIgniter\Session\Handlers\FileHandler' driver.
DEBUG - 2025-06-17 01:11:03 --> Session: Class initialized using 'CodeIgniter\Session\Handlers\FileHandler' driver.
DEBUG - 2025-06-17 01:11:03 --> Session: Class initialized using 'CodeIgniter\Session\Handlers\FileHandler' driver.
DEBUG - 2025-06-17 01:11:05 --> Session: Class initialized using 'CodeIgniter\Session\Handlers\FileHandler' driver.
DEBUG - 2025-06-17 01:11:12 --> Session: Class initialized using 'CodeIgniter\Session\Handlers\FileHandler' driver.
DEBUG - 2025-06-17 01:11:15 --> Session: Class initialized using 'CodeIgniter\Session\Handlers\FileHandler' driver.
DEBUG - 2025-06-17 01:11:19 --> Session: Class initialized using 'CodeIgniter\Session\Handlers\FileHandler' driver.
DEBUG - 2025-06-17 01:14:30 --> Session: Class initialized using 'CodeIgniter\Session\Handlers\FileHandler' driver.
DEBUG - 2025-06-17 01:14:32 --> Session: Class initialized using 'CodeIgniter\Session\Handlers\FileHandler' driver.
DEBUG - 2025-06-17 01:16:19 --> Session: Class initialized using 'CodeIgniter\Session\Handlers\FileHandler' driver.
DEBUG - 2025-06-17 01:16:21 --> Session: Class initialized using 'CodeIgniter\Session\Handlers\FileHandler' driver.
DEBUG - 2025-06-17 01:16:44 --> Session: Class initialized using 'CodeIgniter\Session\Handlers\FileHandler' driver.
DEBUG - 2025-06-17 01:16:48 --> Session: Class initialized using 'CodeIgniter\Session\Handlers\FileHandler' driver.
DEBUG - 2025-06-17 01:16:49 --> Session: Class initialized using 'CodeIgniter\Session\Handlers\FileHandler' driver.
DEBUG - 2025-06-17 01:18:14 --> Session: Class initialized using 'CodeIgniter\Session\Handlers\FileHandler' driver.
DEBUG - 2025-06-17 01:18:21 --> Session: Class initialized using 'CodeIgniter\Session\Handlers\FileHandler' driver.
DEBUG - 2025-06-17 01:19:27 --> Session: Class initialized using 'CodeIgniter\Session\Handlers\FileHandler' driver.
DEBUG - 2025-06-17 01:19:28 --> Session: Class initialized using 'CodeIgniter\Session\Handlers\FileHandler' driver.
DEBUG - 2025-06-17 01:19:28 --> Session: Class initialized using 'CodeIgniter\Session\Handlers\FileHandler' driver.
DEBUG - 2025-06-17 01:19:29 --> Session: Class initialized using 'CodeIgniter\Session\Handlers\FileHandler' driver.
DEBUG - 2025-06-17 01:19:29 --> Session: Class initialized using 'CodeIgniter\Session\Handlers\FileHandler' driver.
DEBUG - 2025-06-17 01:19:29 --> Session: Class initialized using 'CodeIgniter\Session\Handlers\FileHandler' driver.
DEBUG - 2025-06-17 01:20:13 --> Session: Class initialized using 'CodeIgniter\Session\Handlers\FileHandler' driver.
DEBUG - 2025-06-17 01:20:16 --> Session: Class initialized using 'CodeIgniter\Session\Handlers\FileHandler' driver.
DEBUG - 2025-06-17 01:20:17 --> Session: Class initialized using 'CodeIgniter\Session\Handlers\FileHandler' driver.
DEBUG - 2025-06-17 01:20:17 --> Session: Class initialized using 'CodeIgniter\Session\Handlers\FileHandler' driver.
DEBUG - 2025-06-17 01:20:18 --> Session: Class initialized using 'CodeIgniter\Session\Handlers\FileHandler' driver.
DEBUG - 2025-06-17 01:20:18 --> Session: Class initialized using 'CodeIgniter\Session\Handlers\FileHandler' driver.
DEBUG - 2025-06-17 01:20:18 --> Session: Class initialized using 'CodeIgniter\Session\Handlers\FileHandler' driver.
DEBUG - 2025-06-17 01:20:18 --> Session: Class initialized using 'CodeIgniter\Session\Handlers\FileHandler' driver.
DEBUG - 2025-06-17 01:20:18 --> Session: Class initialized using 'CodeIgniter\Session\Handlers\FileHandler' driver.
DEBUG - 2025-06-17 01:20:18 --> Session: Class initialized using 'CodeIgniter\Session\Handlers\FileHandler' driver.
DEBUG - 2025-06-17 01:21:05 --> Session: Class initialized using 'CodeIgniter\Session\Handlers\FileHandler' driver.
DEBUG - 2025-06-17 01:21:43 --> Session: Class initialized using 'CodeIgniter\Session\Handlers\FileHandler' driver.
DEBUG - 2025-06-17 01:21:45 --> Session: Class initialized using 'CodeIgniter\Session\Handlers\FileHandler' driver.
DEBUG - 2025-06-17 01:21:46 --> Session: Class initialized using 'CodeIgniter\Session\Handlers\FileHandler' driver.
DEBUG - 2025-06-17 01:21:46 --> Session: Class initialized using 'CodeIgniter\Session\Handlers\FileHandler' driver.
DEBUG - 2025-06-17 01:21:47 --> Session: Class initialized using 'CodeIgniter\Session\Handlers\FileHandler' driver.
DEBUG - 2025-06-17 01:21:47 --> Session: Class initialized using 'CodeIgniter\Session\Handlers\FileHandler' driver.
DEBUG - 2025-06-17 01:21:52 --> Session: Class initialized using 'CodeIgniter\Session\Handlers\FileHandler' driver.
DEBUG - 2025-06-17 01:24:04 --> Session: Class initialized using 'CodeIgniter\Session\Handlers\FileHandler' driver.
DEBUG - 2025-06-17 01:24:05 --> Session: Class initialized using 'CodeIgniter\Session\Handlers\FileHandler' driver.
DEBUG - 2025-06-17 01:24:18 --> Session: Class initialized using 'CodeIgniter\Session\Handlers\FileHandler' driver.
DEBUG - 2025-06-17 01:24:19 --> Session: Class initialized using 'CodeIgniter\Session\Handlers\FileHandler' driver.
DEBUG - 2025-06-17 01:24:21 --> Session: Class initialized using 'CodeIgniter\Session\Handlers\FileHandler' driver.
DEBUG - 2025-06-17 01:24:23 --> Session: Class initialized using 'CodeIgniter\Session\Handlers\FileHandler' driver.
DEBUG - 2025-06-17 01:24:24 --> Session: Class initialized using 'CodeIgniter\Session\Handlers\FileHandler' driver.
DEBUG - 2025-06-17 01:24:24 --> Session: Class initialized using 'CodeIgniter\Session\Handlers\FileHandler' driver.
DEBUG - 2025-06-17 01:24:24 --> Session: Class initialized using 'CodeIgniter\Session\Handlers\FileHandler' driver.
DEBUG - 2025-06-17 01:24:25 --> Session: Class initialized using 'CodeIgniter\Session\Handlers\FileHandler' driver.
DEBUG - 2025-06-17 01:24:25 --> Session: Class initialized using 'CodeIgniter\Session\Handlers\FileHandler' driver.
DEBUG - 2025-06-17 01:24:25 --> Session: Class initialized using 'CodeIgniter\Session\Handlers\FileHandler' driver.
DEBUG - 2025-06-17 01:24:25 --> Session: Class initialized using 'CodeIgniter\Session\Handlers\FileHandler' driver.
DEBUG - 2025-06-17 01:24:25 --> Session: Class initialized using 'CodeIgniter\Session\Handlers\FileHandler' driver.
DEBUG - 2025-06-17 01:24:25 --> Session: Class initialized using 'CodeIgniter\Session\Handlers\FileHandler' driver.
DEBUG - 2025-06-17 01:25:25 --> Session: Class initialized using 'CodeIgniter\Session\Handlers\FileHandler' driver.
DEBUG - 2025-06-17 01:25:27 --> Session: Class initialized using 'CodeIgniter\Session\Handlers\FileHandler' driver.
DEBUG - 2025-06-17 01:25:28 --> Session: Class initialized using 'CodeIgniter\Session\Handlers\FileHandler' driver.
DEBUG - 2025-06-17 01:28:56 --> Session: Class initialized using 'CodeIgniter\Session\Handlers\FileHandler' driver.
DEBUG - 2025-06-17 01:32:23 --> Session: Class initialized using 'CodeIgniter\Session\Handlers\FileHandler' driver.
DEBUG - 2025-06-17 01:32:28 --> Session: Class initialized using 'CodeIgniter\Session\Handlers\FileHandler' driver.
DEBUG - 2025-06-17 01:33:31 --> Session: Class initialized using 'CodeIgniter\Session\Handlers\FileHandler' driver.
DEBUG - 2025-06-17 01:33:32 --> Session: Class initialized using 'CodeIgniter\Session\Handlers\FileHandler' driver.
DEBUG - 2025-06-17 01:33:34 --> Session: Class initialized using 'CodeIgniter\Session\Handlers\FileHandler' driver.
DEBUG - 2025-06-17 01:33:35 --> Session: Class initialized using 'CodeIgniter\Session\Handlers\FileHandler' driver.
DEBUG - 2025-06-17 01:33:35 --> Session: Class initialized using 'CodeIgniter\Session\Handlers\FileHandler' driver.
DEBUG - 2025-06-17 01:33:35 --> Session: Class initialized using 'CodeIgniter\Session\Handlers\FileHandler' driver.
DEBUG - 2025-06-17 01:33:35 --> Session: Class initialized using 'CodeIgniter\Session\Handlers\FileHandler' driver.
DEBUG - 2025-06-17 01:33:35 --> Session: Class initialized using 'CodeIgniter\Session\Handlers\FileHandler' driver.
DEBUG - 2025-06-17 01:33:37 --> Session: Class initialized using 'CodeIgniter\Session\Handlers\FileHandler' driver.
DEBUG - 2025-06-17 01:33:56 --> Session: Class initialized using 'CodeIgniter\Session\Handlers\FileHandler' driver.
DEBUG - 2025-06-17 01:34:38 --> Session: Class initialized using 'CodeIgniter\Session\Handlers\FileHandler' driver.
DEBUG - 2025-06-17 01:34:51 --> Session: Class initialized using 'CodeIgniter\Session\Handlers\FileHandler' driver.
DEBUG - 2025-06-17 01:35:35 --> Session: Class initialized using 'CodeIgniter\Session\Handlers\FileHandler' driver.
DEBUG - 2025-06-17 01:35:53 --> Session: Class initialized using 'CodeIgniter\Session\Handlers\FileHandler' driver.
DEBUG - 2025-06-17 01:35:54 --> Session: Class initialized using 'CodeIgniter\Session\Handlers\FileHandler' driver.
DEBUG - 2025-06-17 01:36:04 --> Session: Class initialized using 'CodeIgniter\Session\Handlers\FileHandler' driver.
DEBUG - 2025-06-17 01:36:04 --> Session: Class initialized using 'CodeIgniter\Session\Handlers\FileHandler' driver.
DEBUG - 2025-06-17 01:36:18 --> Session: Class initialized using 'CodeIgniter\Session\Handlers\FileHandler' driver.
DEBUG - 2025-06-17 01:36:26 --> Session: Class initialized using 'CodeIgniter\Session\Handlers\FileHandler' driver.
DEBUG - 2025-06-17 01:36:50 --> Session: Class initialized using 'CodeIgniter\Session\Handlers\FileHandler' driver.
DEBUG - 2025-06-17 01:36:51 --> Session: Class initialized using 'CodeIgniter\Session\Handlers\FileHandler' driver.
DEBUG - 2025-06-17 01:37:03 --> Session: Class initialized using 'CodeIgniter\Session\Handlers\FileHandler' driver.
DEBUG - 2025-06-17 01:37:04 --> Session: Class initialized using 'CodeIgniter\Session\Handlers\FileHandler' driver.
DEBUG - 2025-06-17 01:38:23 --> Session: Class initialized using 'CodeIgniter\Session\Handlers\FileHandler' driver.
DEBUG - 2025-06-17 01:38:30 --> Session: Class initialized using 'CodeIgniter\Session\Handlers\FileHandler' driver.
DEBUG - 2025-06-17 01:38:35 --> Session: Class initialized using 'CodeIgniter\Session\Handlers\FileHandler' driver.
DEBUG - 2025-06-17 01:39:17 --> Session: Class initialized using 'CodeIgniter\Session\Handlers\FileHandler' driver.
DEBUG - 2025-06-17 01:39:31 --> Session: Class initialized using 'CodeIgniter\Session\Handlers\FileHandler' driver.
DEBUG - 2025-06-17 01:40:00 --> Session: Class initialized using 'CodeIgniter\Session\Handlers\FileHandler' driver.
DEBUG - 2025-06-17 01:44:01 --> Session: Class initialized using 'CodeIgniter\Session\Handlers\FileHandler' driver.
DEBUG - 2025-06-17 01:44:03 --> Session: Class initialized using 'CodeIgniter\Session\Handlers\FileHandler' driver.
DEBUG - 2025-06-17 01:44:06 --> Session: Class initialized using 'CodeIgniter\Session\Handlers\FileHandler' driver.
DEBUG - 2025-06-17 01:44:07 --> Session: Class initialized using 'CodeIgniter\Session\Handlers\FileHandler' driver.
DEBUG - 2025-06-17 01:44:08 --> Session: Class initialized using 'CodeIgniter\Session\Handlers\FileHandler' driver.
DEBUG - 2025-06-17 01:44:08 --> Session: Class initialized using 'CodeIgniter\Session\Handlers\FileHandler' driver.
DEBUG - 2025-06-17 01:44:08 --> Session: Class initialized using 'CodeIgniter\Session\Handlers\FileHandler' driver.
DEBUG - 2025-06-17 01:44:08 --> Session: Class initialized using 'CodeIgniter\Session\Handlers\FileHandler' driver.
DEBUG - 2025-06-17 01:44:09 --> Session: Class initialized using 'CodeIgniter\Session\Handlers\FileHandler' driver.
DEBUG - 2025-06-17 01:44:09 --> Session: Class initialized using 'CodeIgniter\Session\Handlers\FileHandler' driver.
DEBUG - 2025-06-17 01:44:09 --> Session: Class initialized using 'CodeIgniter\Session\Handlers\FileHandler' driver.
DEBUG - 2025-06-17 01:44:09 --> Session: Class initialized using 'CodeIgniter\Session\Handlers\FileHandler' driver.
DEBUG - 2025-06-17 01:44:09 --> Session: Class initialized using 'CodeIgniter\Session\Handlers\FileHandler' driver.
DEBUG - 2025-06-17 01:44:10 --> Session: Class initialized using 'CodeIgniter\Session\Handlers\FileHandler' driver.
DEBUG - 2025-06-17 01:44:14 --> Session: Class initialized using 'CodeIgniter\Session\Handlers\FileHandler' driver.
DEBUG - 2025-06-17 01:44:22 --> Session: Class initialized using 'CodeIgniter\Session\Handlers\FileHandler' driver.
DEBUG - 2025-06-17 01:44:23 --> Session: Class initialized using 'CodeIgniter\Session\Handlers\FileHandler' driver.
DEBUG - 2025-06-17 01:44:23 --> Session: Class initialized using 'CodeIgniter\Session\Handlers\FileHandler' driver.
DEBUG - 2025-06-17 01:44:24 --> Session: Class initialized using 'CodeIgniter\Session\Handlers\FileHandler' driver.
DEBUG - 2025-06-17 01:45:15 --> Session: Class initialized using 'CodeIgniter\Session\Handlers\FileHandler' driver.
DEBUG - 2025-06-17 01:45:16 --> Session: Class initialized using 'CodeIgniter\Session\Handlers\FileHandler' driver.
DEBUG - 2025-06-17 01:45:17 --> Session: Class initialized using 'CodeIgniter\Session\Handlers\FileHandler' driver.
DEBUG - 2025-06-17 01:46:02 --> Session: Class initialized using 'CodeIgniter\Session\Handlers\FileHandler' driver.
DEBUG - 2025-06-17 01:46:11 --> Session: Class initialized using 'CodeIgniter\Session\Handlers\FileHandler' driver.
DEBUG - 2025-06-17 01:46:25 --> Session: Class initialized using 'CodeIgniter\Session\Handlers\FileHandler' driver.
DEBUG - 2025-06-17 01:46:29 --> Session: Class initialized using 'CodeIgniter\Session\Handlers\FileHandler' driver.
DEBUG - 2025-06-17 01:46:38 --> Session: Class initialized using 'CodeIgniter\Session\Handlers\FileHandler' driver.
DEBUG - 2025-06-17 01:46:41 --> Session: Class initialized using 'CodeIgniter\Session\Handlers\FileHandler' driver.
DEBUG - 2025-06-17 01:54:03 --> Session: Class initialized using 'CodeIgniter\Session\Handlers\FileHandler' driver.
DEBUG - 2025-06-17 01:54:08 --> Session: Class initialized using 'CodeIgniter\Session\Handlers\FileHandler' driver.
DEBUG - 2025-06-17 01:54:52 --> Session: Class initialized using 'CodeIgniter\Session\Handlers\FileHandler' driver.
DEBUG - 2025-06-17 01:57:40 --> Session: Class initialized using 'CodeIgniter\Session\Handlers\FileHandler' driver.
DEBUG - 2025-06-17 01:57:42 --> Session: Class initialized using 'CodeIgniter\Session\Handlers\FileHandler' driver.
DEBUG - 2025-06-17 01:57:56 --> Session: Class initialized using 'CodeIgniter\Session\Handlers\FileHandler' driver.
DEBUG - 2025-06-17 01:58:12 --> Session: Class initialized using 'CodeIgniter\Session\Handlers\FileHandler' driver.
DEBUG - 2025-06-17 01:58:15 --> Session: Class initialized using 'CodeIgniter\Session\Handlers\FileHandler' driver.
DEBUG - 2025-06-17 01:58:32 --> Session: Class initialized using 'CodeIgniter\Session\Handlers\FileHandler' driver.
DEBUG - 2025-06-17 01:58:40 --> Session: Class initialized using 'CodeIgniter\Session\Handlers\FileHandler' driver.
DEBUG - 2025-06-17 01:59:14 --> Session: Class initialized using 'CodeIgniter\Session\Handlers\FileHandler' driver.
DEBUG - 2025-06-17 01:59:28 --> Session: Class initialized using 'CodeIgniter\Session\Handlers\FileHandler' driver.
DEBUG - 2025-06-17 01:59:36 --> Session: Class initialized using 'CodeIgniter\Session\Handlers\FileHandler' driver.
DEBUG - 2025-06-17 01:59:43 --> Session: Class initialized using 'CodeIgniter\Session\Handlers\FileHandler' driver.
DEBUG - 2025-06-17 01:59:47 --> Session: Class initialized using 'CodeIgniter\Session\Handlers\FileHandler' driver.
DEBUG - 2025-06-17 01:59:52 --> Session: Class initialized using 'CodeIgniter\Session\Handlers\FileHandler' driver.
DEBUG - 2025-06-17 02:00:56 --> Session: Class initialized using 'CodeIgniter\Session\Handlers\FileHandler' driver.
ERROR - 2025-06-17 02:00:56 --> mysqli_sql_exception: Unknown column 'genero' in 'where clause' in C:\xampp\htdocs\e-commerce-de-ropa\system\Database\MySQLi\Connection.php:327
Stack trace:
#0 C:\xampp\htdocs\e-commerce-de-ropa\system\Database\MySQLi\Connection.php(327): mysqli->query('SELECT *\nFROM `...', 0)
#1 C:\xampp\htdocs\e-commerce-de-ropa\system\Database\BaseConnection.php(738): CodeIgniter\Database\MySQLi\Connection->execute('SELECT *\nFROM `...')
#2 C:\xampp\htdocs\e-commerce-de-ropa\system\Database\BaseConnection.php(652): CodeIgniter\Database\BaseConnection->simpleQuery('SELECT *\nFROM `...')
#3 C:\xampp\htdocs\e-commerce-de-ropa\system\Database\BaseBuilder.php(1649): CodeIgniter\Database\BaseConnection->query('SELECT *\nFROM `...', Array, false)
#4 C:\xampp\htdocs\e-commerce-de-ropa\system\Model.php(286): CodeIgniter\Database\BaseBuilder->get()
#5 C:\xampp\htdocs\e-commerce-de-ropa\system\BaseModel.php(675): CodeIgniter\Model->doFindAll(0, 0)
#6 C:\xampp\htdocs\e-commerce-de-ropa\app\Models\Producto_Model.php(33): CodeIgniter\BaseModel->findAll()
#7 C:\xampp\htdocs\e-commerce-de-ropa\app\Controllers\Producto_controller.php(29): App\Models\Producto_Model->buscarProductos('fem')
#8 C:\xampp\htdocs\e-commerce-de-ropa\system\CodeIgniter.php(933): App\Controllers\Producto_controller->index()
#9 C:\xampp\htdocs\e-commerce-de-ropa\system\CodeIgniter.php(507): CodeIgniter\CodeIgniter->runController(Object(App\Controllers\Producto_controller))
#10 C:\xampp\htdocs\e-commerce-de-ropa\system\CodeIgniter.php(354): CodeIgniter\CodeIgniter->handleRequest(NULL, Object(Config\Cache), false)
#11 C:\xampp\htdocs\e-commerce-de-ropa\system\Boot.php(334): CodeIgniter\CodeIgniter->run()
#12 C:\xampp\htdocs\e-commerce-de-ropa\system\Boot.php(67): CodeIgniter\Boot::runCodeIgniter(Object(CodeIgniter\CodeIgniter))
#13 C:\xampp\htdocs\e-commerce-de-ropa\index.php(56): CodeIgniter\Boot::bootWeb(Object(Config\Paths))
#14 {main}
CRITICAL - 2025-06-17 02:00:56 --> CodeIgniter\Database\Exceptions\DatabaseException: Unknown column 'genero' in 'where clause'
[Method: GET, Route: crud_productos_view]
in SYSTEMPATH\Database\BaseConnection.php on line 692.
 1 SYSTEMPATH\Database\BaseBuilder.php(1649): CodeIgniter\Database\BaseConnection->query('SELECT *
FROM `productos`
WHERE `eliminado` = :eliminado:
AND   (
`nombre_prod` LIKE :nombre_prod: ESCAPE \'!\'
OR  `precio_costo` LIKE :precio_costo: ESCAPE \'!\'
OR  `precio_venta` LIKE :precio_venta: ESCAPE \'!\'
OR  `genero` LIKE :genero: ESCAPE \'!\'
OR  `stock` LIKE :stock: ESCAPE \'!\'
 )', [...], false)
 2 SYSTEMPATH\Model.php(286): CodeIgniter\Database\BaseBuilder->get()
 3 SYSTEMPATH\BaseModel.php(675): CodeIgniter\Model->doFindAll(0, 0)
 4 APPPATH\Models\Producto_Model.php(33): CodeIgniter\BaseModel->findAll()
 5 APPPATH\Controllers\Producto_controller.php(29): App\Models\Producto_Model->buscarProductos('fem')
 6 SYSTEMPATH\CodeIgniter.php(933): App\Controllers\Producto_controller->index()
 7 SYSTEMPATH\CodeIgniter.php(507): CodeIgniter\CodeIgniter->runController(Object(App\Controllers\Producto_controller))
 8 SYSTEMPATH\CodeIgniter.php(354): CodeIgniter\CodeIgniter->handleRequest(null, Object(Config\Cache), false)
 9 SYSTEMPATH\Boot.php(334): CodeIgniter\CodeIgniter->run()
10 SYSTEMPATH\Boot.php(67): CodeIgniter\Boot::runCodeIgniter(Object(CodeIgniter\CodeIgniter))
11 FCPATH\index.php(56): CodeIgniter\Boot::bootWeb(Object(Config\Paths))
CRITICAL - 2025-06-17 02:00:56 --> [Caused by] CodeIgniter\Database\Exceptions\DatabaseException: Unknown column 'genero' in 'where clause'
in SYSTEMPATH\Database\MySQLi\Connection.php on line 332.
 1 SYSTEMPATH\Database\BaseConnection.php(738): CodeIgniter\Database\MySQLi\Connection->execute('SELECT *
FROM `productos`
WHERE `eliminado` = \'NO\'
AND   (
`nombre_prod` LIKE \'%fem%\' ESCAPE \'!\'
OR  `precio_costo` LIKE \'%fem%\' ESCAPE \'!\'
OR  `precio_venta` LIKE \'%fem%\' ESCAPE \'!\'
OR  `genero` LIKE \'%fem%\' ESCAPE \'!\'
OR  `stock` LIKE \'%fem%\' ESCAPE \'!\'
 )')
 2 SYSTEMPATH\Database\BaseConnection.php(652): CodeIgniter\Database\BaseConnection->simpleQuery('SELECT *
FROM `productos`
WHERE `eliminado` = \'NO\'
AND   (
`nombre_prod` LIKE \'%fem%\' ESCAPE \'!\'
OR  `precio_costo` LIKE \'%fem%\' ESCAPE \'!\'
OR  `precio_venta` LIKE \'%fem%\' ESCAPE \'!\'
OR  `genero` LIKE \'%fem%\' ESCAPE \'!\'
OR  `stock` LIKE \'%fem%\' ESCAPE \'!\'
 )')
 3 SYSTEMPATH\Database\BaseBuilder.php(1649): CodeIgniter\Database\BaseConnection->query('SELECT *
FROM `productos`
WHERE `eliminado` = :eliminado:
AND   (
`nombre_prod` LIKE :nombre_prod: ESCAPE \'!\'
OR  `precio_costo` LIKE :precio_costo: ESCAPE \'!\'
OR  `precio_venta` LIKE :precio_venta: ESCAPE \'!\'
OR  `genero` LIKE :genero: ESCAPE \'!\'
OR  `stock` LIKE :stock: ESCAPE \'!\'
 )', [...], false)
 4 SYSTEMPATH\Model.php(286): CodeIgniter\Database\BaseBuilder->get()
 5 SYSTEMPATH\BaseModel.php(675): CodeIgniter\Model->doFindAll(0, 0)
 6 APPPATH\Models\Producto_Model.php(33): CodeIgniter\BaseModel->findAll()
 7 APPPATH\Controllers\Producto_controller.php(29): App\Models\Producto_Model->buscarProductos('fem')
 8 SYSTEMPATH\CodeIgniter.php(933): App\Controllers\Producto_controller->index()
 9 SYSTEMPATH\CodeIgniter.php(507): CodeIgniter\CodeIgniter->runController(Object(App\Controllers\Producto_controller))
10 SYSTEMPATH\CodeIgniter.php(354): CodeIgniter\CodeIgniter->handleRequest(null, Object(Config\Cache), false)
11 SYSTEMPATH\Boot.php(334): CodeIgniter\CodeIgniter->run()
12 SYSTEMPATH\Boot.php(67): CodeIgniter\Boot::runCodeIgniter(Object(CodeIgniter\CodeIgniter))
13 FCPATH\index.php(56): CodeIgniter\Boot::bootWeb(Object(Config\Paths))
CRITICAL - 2025-06-17 02:00:56 --> [Caused by] mysqli_sql_exception: Unknown column 'genero' in 'where clause'
in SYSTEMPATH\Database\MySQLi\Connection.php on line 327.
 1 SYSTEMPATH\Database\MySQLi\Connection.php(327): mysqli->query('SELECT *
FROM `productos`
WHERE `eliminado` = \'NO\'
AND   (
`nombre_prod` LIKE \'%fem%\' ESCAPE \'!\'
OR  `precio_costo` LIKE \'%fem%\' ESCAPE \'!\'
OR  `precio_venta` LIKE \'%fem%\' ESCAPE \'!\'
OR  `genero` LIKE \'%fem%\' ESCAPE \'!\'
OR  `stock` LIKE \'%fem%\' ESCAPE \'!\'
 )', 0)
 2 SYSTEMPATH\Database\BaseConnection.php(738): CodeIgniter\Database\MySQLi\Connection->execute('SELECT *
FROM `productos`
WHERE `eliminado` = \'NO\'
AND   (
`nombre_prod` LIKE \'%fem%\' ESCAPE \'!\'
OR  `precio_costo` LIKE \'%fem%\' ESCAPE \'!\'
OR  `precio_venta` LIKE \'%fem%\' ESCAPE \'!\'
OR  `genero` LIKE \'%fem%\' ESCAPE \'!\'
OR  `stock` LIKE \'%fem%\' ESCAPE \'!\'
 )')
 3 SYSTEMPATH\Database\BaseConnection.php(652): CodeIgniter\Database\BaseConnection->simpleQuery('SELECT *
FROM `productos`
WHERE `eliminado` = \'NO\'
AND   (
`nombre_prod` LIKE \'%fem%\' ESCAPE \'!\'
OR  `precio_costo` LIKE \'%fem%\' ESCAPE \'!\'
OR  `precio_venta` LIKE \'%fem%\' ESCAPE \'!\'
OR  `genero` LIKE \'%fem%\' ESCAPE \'!\'
OR  `stock` LIKE \'%fem%\' ESCAPE \'!\'
 )')
 4 SYSTEMPATH\Database\BaseBuilder.php(1649): CodeIgniter\Database\BaseConnection->query('SELECT *
FROM `productos`
WHERE `eliminado` = :eliminado:
AND   (
`nombre_prod` LIKE :nombre_prod: ESCAPE \'!\'
OR  `precio_costo` LIKE :precio_costo: ESCAPE \'!\'
OR  `precio_venta` LIKE :precio_venta: ESCAPE \'!\'
OR  `genero` LIKE :genero: ESCAPE \'!\'
OR  `stock` LIKE :stock: ESCAPE \'!\'
 )', [...], false)
 5 SYSTEMPATH\Model.php(286): CodeIgniter\Database\BaseBuilder->get()
 6 SYSTEMPATH\BaseModel.php(675): CodeIgniter\Model->doFindAll(0, 0)
 7 APPPATH\Models\Producto_Model.php(33): CodeIgniter\BaseModel->findAll()
 8 APPPATH\Controllers\Producto_controller.php(29): App\Models\Producto_Model->buscarProductos('fem')
 9 SYSTEMPATH\CodeIgniter.php(933): App\Controllers\Producto_controller->index()
10 SYSTEMPATH\CodeIgniter.php(507): CodeIgniter\CodeIgniter->runController(Object(App\Controllers\Producto_controller))
11 SYSTEMPATH\CodeIgniter.php(354): CodeIgniter\CodeIgniter->handleRequest(null, Object(Config\Cache), false)
12 SYSTEMPATH\Boot.php(334): CodeIgniter\CodeIgniter->run()
13 SYSTEMPATH\Boot.php(67): CodeIgniter\Boot::runCodeIgniter(Object(CodeIgniter\CodeIgniter))
14 FCPATH\index.php(56): CodeIgniter\Boot::bootWeb(Object(Config\Paths))
DEBUG - 2025-06-17 02:05:27 --> Session: Class initialized using 'CodeIgniter\Session\Handlers\FileHandler' driver.
ERROR - 2025-06-17 02:05:27 --> mysqli_sql_exception: Unknown column 'genero' in 'where clause' in C:\xampp\htdocs\e-commerce-de-ropa\system\Database\MySQLi\Connection.php:327
Stack trace:
#0 C:\xampp\htdocs\e-commerce-de-ropa\system\Database\MySQLi\Connection.php(327): mysqli->query('SELECT *\nFROM `...', 0)
#1 C:\xampp\htdocs\e-commerce-de-ropa\system\Database\BaseConnection.php(738): CodeIgniter\Database\MySQLi\Connection->execute('SELECT *\nFROM `...')
#2 C:\xampp\htdocs\e-commerce-de-ropa\system\Database\BaseConnection.php(652): CodeIgniter\Database\BaseConnection->simpleQuery('SELECT *\nFROM `...')
#3 C:\xampp\htdocs\e-commerce-de-ropa\system\Database\BaseBuilder.php(1649): CodeIgniter\Database\BaseConnection->query('SELECT *\nFROM `...', Array, false)
#4 C:\xampp\htdocs\e-commerce-de-ropa\system\Model.php(286): CodeIgniter\Database\BaseBuilder->get()
#5 C:\xampp\htdocs\e-commerce-de-ropa\system\BaseModel.php(675): CodeIgniter\Model->doFindAll(0, 0)
#6 C:\xampp\htdocs\e-commerce-de-ropa\app\Models\Producto_Model.php(33): CodeIgniter\BaseModel->findAll()
#7 C:\xampp\htdocs\e-commerce-de-ropa\app\Controllers\Producto_controller.php(29): App\Models\Producto_Model->buscarProductos('fem')
#8 C:\xampp\htdocs\e-commerce-de-ropa\system\CodeIgniter.php(933): App\Controllers\Producto_controller->index()
#9 C:\xampp\htdocs\e-commerce-de-ropa\system\CodeIgniter.php(507): CodeIgniter\CodeIgniter->runController(Object(App\Controllers\Producto_controller))
#10 C:\xampp\htdocs\e-commerce-de-ropa\system\CodeIgniter.php(354): CodeIgniter\CodeIgniter->handleRequest(NULL, Object(Config\Cache), false)
#11 C:\xampp\htdocs\e-commerce-de-ropa\system\Boot.php(334): CodeIgniter\CodeIgniter->run()
#12 C:\xampp\htdocs\e-commerce-de-ropa\system\Boot.php(67): CodeIgniter\Boot::runCodeIgniter(Object(CodeIgniter\CodeIgniter))
#13 C:\xampp\htdocs\e-commerce-de-ropa\index.php(56): CodeIgniter\Boot::bootWeb(Object(Config\Paths))
#14 {main}
CRITICAL - 2025-06-17 02:05:27 --> CodeIgniter\Database\Exceptions\DatabaseException: Unknown column 'genero' in 'where clause'
[Method: GET, Route: crud_productos_view]
in SYSTEMPATH\Database\BaseConnection.php on line 692.
 1 SYSTEMPATH\Database\BaseBuilder.php(1649): CodeIgniter\Database\BaseConnection->query('SELECT *
FROM `productos`
WHERE `eliminado` = :eliminado:
AND   (
`nombre_prod` LIKE :nombre_prod: ESCAPE \'!\'
OR  `precio_costo` LIKE :precio_costo: ESCAPE \'!\'
OR  `precio_venta` LIKE :precio_venta: ESCAPE \'!\'
OR  `genero` LIKE :genero: ESCAPE \'!\'
OR  `stock` LIKE :stock: ESCAPE \'!\'
 )', [...], false)
 2 SYSTEMPATH\Model.php(286): CodeIgniter\Database\BaseBuilder->get()
 3 SYSTEMPATH\BaseModel.php(675): CodeIgniter\Model->doFindAll(0, 0)
 4 APPPATH\Models\Producto_Model.php(33): CodeIgniter\BaseModel->findAll()
 5 APPPATH\Controllers\Producto_controller.php(29): App\Models\Producto_Model->buscarProductos('fem')
 6 SYSTEMPATH\CodeIgniter.php(933): App\Controllers\Producto_controller->index()
 7 SYSTEMPATH\CodeIgniter.php(507): CodeIgniter\CodeIgniter->runController(Object(App\Controllers\Producto_controller))
 8 SYSTEMPATH\CodeIgniter.php(354): CodeIgniter\CodeIgniter->handleRequest(null, Object(Config\Cache), false)
 9 SYSTEMPATH\Boot.php(334): CodeIgniter\CodeIgniter->run()
10 SYSTEMPATH\Boot.php(67): CodeIgniter\Boot::runCodeIgniter(Object(CodeIgniter\CodeIgniter))
11 FCPATH\index.php(56): CodeIgniter\Boot::bootWeb(Object(Config\Paths))
CRITICAL - 2025-06-17 02:05:27 --> [Caused by] CodeIgniter\Database\Exceptions\DatabaseException: Unknown column 'genero' in 'where clause'
in SYSTEMPATH\Database\MySQLi\Connection.php on line 332.
 1 SYSTEMPATH\Database\BaseConnection.php(738): CodeIgniter\Database\MySQLi\Connection->execute('SELECT *
FROM `productos`
WHERE `eliminado` = \'NO\'
AND   (
`nombre_prod` LIKE \'%fem%\' ESCAPE \'!\'
OR  `precio_costo` LIKE \'%fem%\' ESCAPE \'!\'
OR  `precio_venta` LIKE \'%fem%\' ESCAPE \'!\'
OR  `genero` LIKE \'%fem%\' ESCAPE \'!\'
OR  `stock` LIKE \'%fem%\' ESCAPE \'!\'
 )')
 2 SYSTEMPATH\Database\BaseConnection.php(652): CodeIgniter\Database\BaseConnection->simpleQuery('SELECT *
FROM `productos`
WHERE `eliminado` = \'NO\'
AND   (
`nombre_prod` LIKE \'%fem%\' ESCAPE \'!\'
OR  `precio_costo` LIKE \'%fem%\' ESCAPE \'!\'
OR  `precio_venta` LIKE \'%fem%\' ESCAPE \'!\'
OR  `genero` LIKE \'%fem%\' ESCAPE \'!\'
OR  `stock` LIKE \'%fem%\' ESCAPE \'!\'
 )')
 3 SYSTEMPATH\Database\BaseBuilder.php(1649): CodeIgniter\Database\BaseConnection->query('SELECT *
FROM `productos`
WHERE `eliminado` = :eliminado:
AND   (
`nombre_prod` LIKE :nombre_prod: ESCAPE \'!\'
OR  `precio_costo` LIKE :precio_costo: ESCAPE \'!\'
OR  `precio_venta` LIKE :precio_venta: ESCAPE \'!\'
OR  `genero` LIKE :genero: ESCAPE \'!\'
OR  `stock` LIKE :stock: ESCAPE \'!\'
 )', [...], false)
 4 SYSTEMPATH\Model.php(286): CodeIgniter\Database\BaseBuilder->get()
 5 SYSTEMPATH\BaseModel.php(675): CodeIgniter\Model->doFindAll(0, 0)
 6 APPPATH\Models\Producto_Model.php(33): CodeIgniter\BaseModel->findAll()
 7 APPPATH\Controllers\Producto_controller.php(29): App\Models\Producto_Model->buscarProductos('fem')
 8 SYSTEMPATH\CodeIgniter.php(933): App\Controllers\Producto_controller->index()
 9 SYSTEMPATH\CodeIgniter.php(507): CodeIgniter\CodeIgniter->runController(Object(App\Controllers\Producto_controller))
10 SYSTEMPATH\CodeIgniter.php(354): CodeIgniter\CodeIgniter->handleRequest(null, Object(Config\Cache), false)
11 SYSTEMPATH\Boot.php(334): CodeIgniter\CodeIgniter->run()
12 SYSTEMPATH\Boot.php(67): CodeIgniter\Boot::runCodeIgniter(Object(CodeIgniter\CodeIgniter))
13 FCPATH\index.php(56): CodeIgniter\Boot::bootWeb(Object(Config\Paths))
CRITICAL - 2025-06-17 02:05:27 --> [Caused by] mysqli_sql_exception: Unknown column 'genero' in 'where clause'
in SYSTEMPATH\Database\MySQLi\Connection.php on line 327.
 1 SYSTEMPATH\Database\MySQLi\Connection.php(327): mysqli->query('SELECT *
FROM `productos`
WHERE `eliminado` = \'NO\'
AND   (
`nombre_prod` LIKE \'%fem%\' ESCAPE \'!\'
OR  `precio_costo` LIKE \'%fem%\' ESCAPE \'!\'
OR  `precio_venta` LIKE \'%fem%\' ESCAPE \'!\'
OR  `genero` LIKE \'%fem%\' ESCAPE \'!\'
OR  `stock` LIKE \'%fem%\' ESCAPE \'!\'
 )', 0)
 2 SYSTEMPATH\Database\BaseConnection.php(738): CodeIgniter\Database\MySQLi\Connection->execute('SELECT *
FROM `productos`
WHERE `eliminado` = \'NO\'
AND   (
`nombre_prod` LIKE \'%fem%\' ESCAPE \'!\'
OR  `precio_costo` LIKE \'%fem%\' ESCAPE \'!\'
OR  `precio_venta` LIKE \'%fem%\' ESCAPE \'!\'
OR  `genero` LIKE \'%fem%\' ESCAPE \'!\'
OR  `stock` LIKE \'%fem%\' ESCAPE \'!\'
 )')
 3 SYSTEMPATH\Database\BaseConnection.php(652): CodeIgniter\Database\BaseConnection->simpleQuery('SELECT *
FROM `productos`
WHERE `eliminado` = \'NO\'
AND   (
`nombre_prod` LIKE \'%fem%\' ESCAPE \'!\'
OR  `precio_costo` LIKE \'%fem%\' ESCAPE \'!\'
OR  `precio_venta` LIKE \'%fem%\' ESCAPE \'!\'
OR  `genero` LIKE \'%fem%\' ESCAPE \'!\'
OR  `stock` LIKE \'%fem%\' ESCAPE \'!\'
 )')
 4 SYSTEMPATH\Database\BaseBuilder.php(1649): CodeIgniter\Database\BaseConnection->query('SELECT *
FROM `productos`
WHERE `eliminado` = :eliminado:
AND   (
`nombre_prod` LIKE :nombre_prod: ESCAPE \'!\'
OR  `precio_costo` LIKE :precio_costo: ESCAPE \'!\'
OR  `precio_venta` LIKE :precio_venta: ESCAPE \'!\'
OR  `genero` LIKE :genero: ESCAPE \'!\'
OR  `stock` LIKE :stock: ESCAPE \'!\'
 )', [...], false)
 5 SYSTEMPATH\Model.php(286): CodeIgniter\Database\BaseBuilder->get()
 6 SYSTEMPATH\BaseModel.php(675): CodeIgniter\Model->doFindAll(0, 0)
 7 APPPATH\Models\Producto_Model.php(33): CodeIgniter\BaseModel->findAll()
 8 APPPATH\Controllers\Producto_controller.php(29): App\Models\Producto_Model->buscarProductos('fem')
 9 SYSTEMPATH\CodeIgniter.php(933): App\Controllers\Producto_controller->index()
10 SYSTEMPATH\CodeIgniter.php(507): CodeIgniter\CodeIgniter->runController(Object(App\Controllers\Producto_controller))
11 SYSTEMPATH\CodeIgniter.php(354): CodeIgniter\CodeIgniter->handleRequest(null, Object(Config\Cache), false)
12 SYSTEMPATH\Boot.php(334): CodeIgniter\CodeIgniter->run()
13 SYSTEMPATH\Boot.php(67): CodeIgniter\Boot::runCodeIgniter(Object(CodeIgniter\CodeIgniter))
14 FCPATH\index.php(56): CodeIgniter\Boot::bootWeb(Object(Config\Paths))
DEBUG - 2025-06-17 02:05:33 --> Session: Class initialized using 'CodeIgniter\Session\Handlers\FileHandler' driver.
DEBUG - 2025-06-17 02:05:36 --> Session: Class initialized using 'CodeIgniter\Session\Handlers\FileHandler' driver.
DEBUG - 2025-06-17 02:05:40 --> Session: Class initialized using 'CodeIgniter\Session\Handlers\FileHandler' driver.
DEBUG - 2025-06-17 02:05:42 --> Session: Class initialized using 'CodeIgniter\Session\Handlers\FileHandler' driver.
DEBUG - 2025-06-17 02:05:50 --> Session: Class initialized using 'CodeIgniter\Session\Handlers\FileHandler' driver.
DEBUG - 2025-06-17 02:06:01 --> Session: Class initialized using 'CodeIgniter\Session\Handlers\FileHandler' driver.
DEBUG - 2025-06-17 02:06:04 --> Session: Class initialized using 'CodeIgniter\Session\Handlers\FileHandler' driver.
DEBUG - 2025-06-17 02:06:12 --> Session: Class initialized using 'CodeIgniter\Session\Handlers\FileHandler' driver.
DEBUG - 2025-06-17 02:06:27 --> Session: Class initialized using 'CodeIgniter\Session\Handlers\FileHandler' driver.
DEBUG - 2025-06-17 02:06:33 --> Session: Class initialized using 'CodeIgniter\Session\Handlers\FileHandler' driver.
DEBUG - 2025-06-17 02:07:41 --> Session: Class initialized using 'CodeIgniter\Session\Handlers\FileHandler' driver.
ERROR - 2025-06-17 02:07:41 --> mysqli_sql_exception: Unknown column 'c.nombre_categoria' in 'field list' in C:\xampp\htdocs\e-commerce-de-ropa\system\Database\MySQLi\Connection.php:327
Stack trace:
#0 C:\xampp\htdocs\e-commerce-de-ropa\system\Database\MySQLi\Connection.php(327): mysqli->query('SELECT `p`.*, `...', 0)
#1 C:\xampp\htdocs\e-commerce-de-ropa\system\Database\BaseConnection.php(738): CodeIgniter\Database\MySQLi\Connection->execute('SELECT `p`.*, `...')
#2 C:\xampp\htdocs\e-commerce-de-ropa\system\Database\BaseConnection.php(652): CodeIgniter\Database\BaseConnection->simpleQuery('SELECT `p`.*, `...')
#3 C:\xampp\htdocs\e-commerce-de-ropa\system\Database\BaseBuilder.php(1649): CodeIgniter\Database\BaseConnection->query('SELECT `p`.*, `...', Array, false)
#4 C:\xampp\htdocs\e-commerce-de-ropa\app\Models\Producto_Model.php(48): CodeIgniter\Database\BaseBuilder->get()
#5 C:\xampp\htdocs\e-commerce-de-ropa\app\Controllers\Producto_controller.php(29): App\Models\Producto_Model->buscarProductos('2')
#6 C:\xampp\htdocs\e-commerce-de-ropa\system\CodeIgniter.php(933): App\Controllers\Producto_controller->index()
#7 C:\xampp\htdocs\e-commerce-de-ropa\system\CodeIgniter.php(507): CodeIgniter\CodeIgniter->runController(Object(App\Controllers\Producto_controller))
#8 C:\xampp\htdocs\e-commerce-de-ropa\system\CodeIgniter.php(354): CodeIgniter\CodeIgniter->handleRequest(NULL, Object(Config\Cache), false)
#9 C:\xampp\htdocs\e-commerce-de-ropa\system\Boot.php(334): CodeIgniter\CodeIgniter->run()
#10 C:\xampp\htdocs\e-commerce-de-ropa\system\Boot.php(67): CodeIgniter\Boot::runCodeIgniter(Object(CodeIgniter\CodeIgniter))
#11 C:\xampp\htdocs\e-commerce-de-ropa\index.php(56): CodeIgniter\Boot::bootWeb(Object(Config\Paths))
#12 {main}
CRITICAL - 2025-06-17 02:07:41 --> CodeIgniter\Database\Exceptions\DatabaseException: Unknown column 'c.nombre_categoria' in 'field list'
[Method: GET, Route: crud_productos_view]
in SYSTEMPATH\Database\BaseConnection.php on line 692.
 1 SYSTEMPATH\Database\BaseBuilder.php(1649): CodeIgniter\Database\BaseConnection->query('SELECT `p`.*, `c`.`nombre_categoria`, `m`.`nombre_marca`, `t`.`nombre_talle`, `g`.`nombre_genero`, `e`.`nombre_edad`
FROM `productos` `p`
LEFT JOIN `categorias` `c` ON `c`.`id_categoria` = `p`.`categoria_id`
LEFT JOIN `marcas` `m` ON `m`.`id_marca` = `p`.`marca_id`
LEFT JOIN `talles` `t` ON `t`.`id_talle` = `p`.`talle_id`
LEFT JOIN `generos` `g` ON `g`.`id_genero` = `p`.`genero_id`
LEFT JOIN `edades` `e` ON `e`.`id_edad` = `p`.`edad_id`
WHERE `p`.`eliminado` = :p.eliminado:
AND   (
`p`.`nombre_prod` LIKE :p.nombre_prod: ESCAPE \'!\'
OR  `p`.`precio_costo` LIKE :p.precio_costo: ESCAPE \'!\'
OR  `p`.`precio_venta` LIKE :p.precio_venta: ESCAPE \'!\'
OR  `p`.`stock` LIKE :p.stock: ESCAPE \'!\'
OR  `c`.`nombre_categoria` LIKE :c.nombre_categoria: ESCAPE \'!\'
OR  `m`.`nombre_marca` LIKE :m.nombre_marca: ESCAPE \'!\'
OR  `t`.`nombre_talle` LIKE :t.nombre_talle: ESCAPE \'!\'
OR  `g`.`nombre_genero` LIKE :g.nombre_genero: ESCAPE \'!\'
OR  `e`.`nombre_edad` LIKE :e.nombre_edad: ESCAPE \'!\'
 )', [...], false)
 2 APPPATH\Models\Producto_Model.php(48): CodeIgniter\Database\BaseBuilder->get()
 3 APPPATH\Controllers\Producto_controller.php(29): App\Models\Producto_Model->buscarProductos('2')
 4 SYSTEMPATH\CodeIgniter.php(933): App\Controllers\Producto_controller->index()
 5 SYSTEMPATH\CodeIgniter.php(507): CodeIgniter\CodeIgniter->runController(Object(App\Controllers\Producto_controller))
 6 SYSTEMPATH\CodeIgniter.php(354): CodeIgniter\CodeIgniter->handleRequest(null, Object(Config\Cache), false)
 7 SYSTEMPATH\Boot.php(334): CodeIgniter\CodeIgniter->run()
 8 SYSTEMPATH\Boot.php(67): CodeIgniter\Boot::runCodeIgniter(Object(CodeIgniter\CodeIgniter))
 9 FCPATH\index.php(56): CodeIgniter\Boot::bootWeb(Object(Config\Paths))
CRITICAL - 2025-06-17 02:07:41 --> [Caused by] CodeIgniter\Database\Exceptions\DatabaseException: Unknown column 'c.nombre_categoria' in 'field list'
in SYSTEMPATH\Database\MySQLi\Connection.php on line 332.
 1 SYSTEMPATH\Database\BaseConnection.php(738): CodeIgniter\Database\MySQLi\Connection->execute('SELECT `p`.*, `c`.`nombre_categoria`, `m`.`nombre_marca`, `t`.`nombre_talle`, `g`.`nombre_genero`, `e`.`nombre_edad`
FROM `productos` `p`
LEFT JOIN `categorias` `c` ON `c`.`id_categoria` = `p`.`categoria_id`
LEFT JOIN `marcas` `m` ON `m`.`id_marca` = `p`.`marca_id`
LEFT JOIN `talles` `t` ON `t`.`id_talle` = `p`.`talle_id`
LEFT JOIN `generos` `g` ON `g`.`id_genero` = `p`.`genero_id`
LEFT JOIN `edades` `e` ON `e`.`id_edad` = `p`.`edad_id`
WHERE `p`.`eliminado` = 0
AND   (
`p`.`nombre_prod` LIKE \'%2%\' ESCAPE \'!\'
OR  `p`.`precio_costo` LIKE \'%2%\' ESCAPE \'!\'
OR  `p`.`precio_venta` LIKE \'%2%\' ESCAPE \'!\'
OR  `p`.`stock` LIKE \'%2%\' ESCAPE \'!\'
OR  `c`.`nombre_categoria` LIKE \'%2%\' ESCAPE \'!\'
OR  `m`.`nombre_marca` LIKE \'%2%\' ESCAPE \'!\'
OR  `t`.`nombre_talle` LIKE \'%2%\' ESCAPE \'!\'
OR  `g`.`nombre_genero` LIKE \'%2%\' ESCAPE \'!\'
OR  `e`.`nombre_edad` LIKE \'%2%\' ESCAPE \'!\'
 )')
 2 SYSTEMPATH\Database\BaseConnection.php(652): CodeIgniter\Database\BaseConnection->simpleQuery('SELECT `p`.*, `c`.`nombre_categoria`, `m`.`nombre_marca`, `t`.`nombre_talle`, `g`.`nombre_genero`, `e`.`nombre_edad`
FROM `productos` `p`
LEFT JOIN `categorias` `c` ON `c`.`id_categoria` = `p`.`categoria_id`
LEFT JOIN `marcas` `m` ON `m`.`id_marca` = `p`.`marca_id`
LEFT JOIN `talles` `t` ON `t`.`id_talle` = `p`.`talle_id`
LEFT JOIN `generos` `g` ON `g`.`id_genero` = `p`.`genero_id`
LEFT JOIN `edades` `e` ON `e`.`id_edad` = `p`.`edad_id`
WHERE `p`.`eliminado` = 0
AND   (
`p`.`nombre_prod` LIKE \'%2%\' ESCAPE \'!\'
OR  `p`.`precio_costo` LIKE \'%2%\' ESCAPE \'!\'
OR  `p`.`precio_venta` LIKE \'%2%\' ESCAPE \'!\'
OR  `p`.`stock` LIKE \'%2%\' ESCAPE \'!\'
OR  `c`.`nombre_categoria` LIKE \'%2%\' ESCAPE \'!\'
OR  `m`.`nombre_marca` LIKE \'%2%\' ESCAPE \'!\'
OR  `t`.`nombre_talle` LIKE \'%2%\' ESCAPE \'!\'
OR  `g`.`nombre_genero` LIKE \'%2%\' ESCAPE \'!\'
OR  `e`.`nombre_edad` LIKE \'%2%\' ESCAPE \'!\'
 )')
 3 SYSTEMPATH\Database\BaseBuilder.php(1649): CodeIgniter\Database\BaseConnection->query('SELECT `p`.*, `c`.`nombre_categoria`, `m`.`nombre_marca`, `t`.`nombre_talle`, `g`.`nombre_genero`, `e`.`nombre_edad`
FROM `productos` `p`
LEFT JOIN `categorias` `c` ON `c`.`id_categoria` = `p`.`categoria_id`
LEFT JOIN `marcas` `m` ON `m`.`id_marca` = `p`.`marca_id`
LEFT JOIN `talles` `t` ON `t`.`id_talle` = `p`.`talle_id`
LEFT JOIN `generos` `g` ON `g`.`id_genero` = `p`.`genero_id`
LEFT JOIN `edades` `e` ON `e`.`id_edad` = `p`.`edad_id`
WHERE `p`.`eliminado` = :p.eliminado:
AND   (
`p`.`nombre_prod` LIKE :p.nombre_prod: ESCAPE \'!\'
OR  `p`.`precio_costo` LIKE :p.precio_costo: ESCAPE \'!\'
OR  `p`.`precio_venta` LIKE :p.precio_venta: ESCAPE \'!\'
OR  `p`.`stock` LIKE :p.stock: ESCAPE \'!\'
OR  `c`.`nombre_categoria` LIKE :c.nombre_categoria: ESCAPE \'!\'
OR  `m`.`nombre_marca` LIKE :m.nombre_marca: ESCAPE \'!\'
OR  `t`.`nombre_talle` LIKE :t.nombre_talle: ESCAPE \'!\'
OR  `g`.`nombre_genero` LIKE :g.nombre_genero: ESCAPE \'!\'
OR  `e`.`nombre_edad` LIKE :e.nombre_edad: ESCAPE \'!\'
 )', [...], false)
 4 APPPATH\Models\Producto_Model.php(48): CodeIgniter\Database\BaseBuilder->get()
 5 APPPATH\Controllers\Producto_controller.php(29): App\Models\Producto_Model->buscarProductos('2')
 6 SYSTEMPATH\CodeIgniter.php(933): App\Controllers\Producto_controller->index()
 7 SYSTEMPATH\CodeIgniter.php(507): CodeIgniter\CodeIgniter->runController(Object(App\Controllers\Producto_controller))
 8 SYSTEMPATH\CodeIgniter.php(354): CodeIgniter\CodeIgniter->handleRequest(null, Object(Config\Cache), false)
 9 SYSTEMPATH\Boot.php(334): CodeIgniter\CodeIgniter->run()
10 SYSTEMPATH\Boot.php(67): CodeIgniter\Boot::runCodeIgniter(Object(CodeIgniter\CodeIgniter))
11 FCPATH\index.php(56): CodeIgniter\Boot::bootWeb(Object(Config\Paths))
CRITICAL - 2025-06-17 02:07:41 --> [Caused by] mysqli_sql_exception: Unknown column 'c.nombre_categoria' in 'field list'
in SYSTEMPATH\Database\MySQLi\Connection.php on line 327.
 1 SYSTEMPATH\Database\MySQLi\Connection.php(327): mysqli->query('SELECT `p`.*, `c`.`nombre_categoria`, `m`.`nombre_marca`, `t`.`nombre_talle`, `g`.`nombre_genero`, `e`.`nombre_edad`
FROM `productos` `p`
LEFT JOIN `categorias` `c` ON `c`.`id_categoria` = `p`.`categoria_id`
LEFT JOIN `marcas` `m` ON `m`.`id_marca` = `p`.`marca_id`
LEFT JOIN `talles` `t` ON `t`.`id_talle` = `p`.`talle_id`
LEFT JOIN `generos` `g` ON `g`.`id_genero` = `p`.`genero_id`
LEFT JOIN `edades` `e` ON `e`.`id_edad` = `p`.`edad_id`
WHERE `p`.`eliminado` = 0
AND   (
`p`.`nombre_prod` LIKE \'%2%\' ESCAPE \'!\'
OR  `p`.`precio_costo` LIKE \'%2%\' ESCAPE \'!\'
OR  `p`.`precio_venta` LIKE \'%2%\' ESCAPE \'!\'
OR  `p`.`stock` LIKE \'%2%\' ESCAPE \'!\'
OR  `c`.`nombre_categoria` LIKE \'%2%\' ESCAPE \'!\'
OR  `m`.`nombre_marca` LIKE \'%2%\' ESCAPE \'!\'
OR  `t`.`nombre_talle` LIKE \'%2%\' ESCAPE \'!\'
OR  `g`.`nombre_genero` LIKE \'%2%\' ESCAPE \'!\'
OR  `e`.`nombre_edad` LIKE \'%2%\' ESCAPE \'!\'
 )', 0)
 2 SYSTEMPATH\Database\BaseConnection.php(738): CodeIgniter\Database\MySQLi\Connection->execute('SELECT `p`.*, `c`.`nombre_categoria`, `m`.`nombre_marca`, `t`.`nombre_talle`, `g`.`nombre_genero`, `e`.`nombre_edad`
FROM `productos` `p`
LEFT JOIN `categorias` `c` ON `c`.`id_categoria` = `p`.`categoria_id`
LEFT JOIN `marcas` `m` ON `m`.`id_marca` = `p`.`marca_id`
LEFT JOIN `talles` `t` ON `t`.`id_talle` = `p`.`talle_id`
LEFT JOIN `generos` `g` ON `g`.`id_genero` = `p`.`genero_id`
LEFT JOIN `edades` `e` ON `e`.`id_edad` = `p`.`edad_id`
WHERE `p`.`eliminado` = 0
AND   (
`p`.`nombre_prod` LIKE \'%2%\' ESCAPE \'!\'
OR  `p`.`precio_costo` LIKE \'%2%\' ESCAPE \'!\'
OR  `p`.`precio_venta` LIKE \'%2%\' ESCAPE \'!\'
OR  `p`.`stock` LIKE \'%2%\' ESCAPE \'!\'
OR  `c`.`nombre_categoria` LIKE \'%2%\' ESCAPE \'!\'
OR  `m`.`nombre_marca` LIKE \'%2%\' ESCAPE \'!\'
OR  `t`.`nombre_talle` LIKE \'%2%\' ESCAPE \'!\'
OR  `g`.`nombre_genero` LIKE \'%2%\' ESCAPE \'!\'
OR  `e`.`nombre_edad` LIKE \'%2%\' ESCAPE \'!\'
 )')
 3 SYSTEMPATH\Database\BaseConnection.php(652): CodeIgniter\Database\BaseConnection->simpleQuery('SELECT `p`.*, `c`.`nombre_categoria`, `m`.`nombre_marca`, `t`.`nombre_talle`, `g`.`nombre_genero`, `e`.`nombre_edad`
FROM `productos` `p`
LEFT JOIN `categorias` `c` ON `c`.`id_categoria` = `p`.`categoria_id`
LEFT JOIN `marcas` `m` ON `m`.`id_marca` = `p`.`marca_id`
LEFT JOIN `talles` `t` ON `t`.`id_talle` = `p`.`talle_id`
LEFT JOIN `generos` `g` ON `g`.`id_genero` = `p`.`genero_id`
LEFT JOIN `edades` `e` ON `e`.`id_edad` = `p`.`edad_id`
WHERE `p`.`eliminado` = 0
AND   (
`p`.`nombre_prod` LIKE \'%2%\' ESCAPE \'!\'
OR  `p`.`precio_costo` LIKE \'%2%\' ESCAPE \'!\'
OR  `p`.`precio_venta` LIKE \'%2%\' ESCAPE \'!\'
OR  `p`.`stock` LIKE \'%2%\' ESCAPE \'!\'
OR  `c`.`nombre_categoria` LIKE \'%2%\' ESCAPE \'!\'
OR  `m`.`nombre_marca` LIKE \'%2%\' ESCAPE \'!\'
OR  `t`.`nombre_talle` LIKE \'%2%\' ESCAPE \'!\'
OR  `g`.`nombre_genero` LIKE \'%2%\' ESCAPE \'!\'
OR  `e`.`nombre_edad` LIKE \'%2%\' ESCAPE \'!\'
 )')
 4 SYSTEMPATH\Database\BaseBuilder.php(1649): CodeIgniter\Database\BaseConnection->query('SELECT `p`.*, `c`.`nombre_categoria`, `m`.`nombre_marca`, `t`.`nombre_talle`, `g`.`nombre_genero`, `e`.`nombre_edad`
FROM `productos` `p`
LEFT JOIN `categorias` `c` ON `c`.`id_categoria` = `p`.`categoria_id`
LEFT JOIN `marcas` `m` ON `m`.`id_marca` = `p`.`marca_id`
LEFT JOIN `talles` `t` ON `t`.`id_talle` = `p`.`talle_id`
LEFT JOIN `generos` `g` ON `g`.`id_genero` = `p`.`genero_id`
LEFT JOIN `edades` `e` ON `e`.`id_edad` = `p`.`edad_id`
WHERE `p`.`eliminado` = :p.eliminado:
AND   (
`p`.`nombre_prod` LIKE :p.nombre_prod: ESCAPE \'!\'
OR  `p`.`precio_costo` LIKE :p.precio_costo: ESCAPE \'!\'
OR  `p`.`precio_venta` LIKE :p.precio_venta: ESCAPE \'!\'
OR  `p`.`stock` LIKE :p.stock: ESCAPE \'!\'
OR  `c`.`nombre_categoria` LIKE :c.nombre_categoria: ESCAPE \'!\'
OR  `m`.`nombre_marca` LIKE :m.nombre_marca: ESCAPE \'!\'
OR  `t`.`nombre_talle` LIKE :t.nombre_talle: ESCAPE \'!\'
OR  `g`.`nombre_genero` LIKE :g.nombre_genero: ESCAPE \'!\'
OR  `e`.`nombre_edad` LIKE :e.nombre_edad: ESCAPE \'!\'
 )', [...], false)
 5 APPPATH\Models\Producto_Model.php(48): CodeIgniter\Database\BaseBuilder->get()
 6 APPPATH\Controllers\Producto_controller.php(29): App\Models\Producto_Model->buscarProductos('2')
 7 SYSTEMPATH\CodeIgniter.php(933): App\Controllers\Producto_controller->index()
 8 SYSTEMPATH\CodeIgniter.php(507): CodeIgniter\CodeIgniter->runController(Object(App\Controllers\Producto_controller))
 9 SYSTEMPATH\CodeIgniter.php(354): CodeIgniter\CodeIgniter->handleRequest(null, Object(Config\Cache), false)
10 SYSTEMPATH\Boot.php(334): CodeIgniter\CodeIgniter->run()
11 SYSTEMPATH\Boot.php(67): CodeIgniter\Boot::runCodeIgniter(Object(CodeIgniter\CodeIgniter))
12 FCPATH\index.php(56): CodeIgniter\Boot::bootWeb(Object(Config\Paths))
DEBUG - 2025-06-17 02:24:09 --> Session: Class initialized using 'CodeIgniter\Session\Handlers\FileHandler' driver.
ERROR - 2025-06-17 02:24:09 --> mysqli_sql_exception: Unknown column 'c.nombre_categoria' in 'field list' in C:\xampp\htdocs\e-commerce-de-ropa\system\Database\MySQLi\Connection.php:327
Stack trace:
#0 C:\xampp\htdocs\e-commerce-de-ropa\system\Database\MySQLi\Connection.php(327): mysqli->query('SELECT `p`.*, `...', 0)
#1 C:\xampp\htdocs\e-commerce-de-ropa\system\Database\BaseConnection.php(738): CodeIgniter\Database\MySQLi\Connection->execute('SELECT `p`.*, `...')
#2 C:\xampp\htdocs\e-commerce-de-ropa\system\Database\BaseConnection.php(652): CodeIgniter\Database\BaseConnection->simpleQuery('SELECT `p`.*, `...')
#3 C:\xampp\htdocs\e-commerce-de-ropa\system\Database\BaseBuilder.php(1649): CodeIgniter\Database\BaseConnection->query('SELECT `p`.*, `...', Array, false)
#4 C:\xampp\htdocs\e-commerce-de-ropa\app\Models\Producto_Model.php(48): CodeIgniter\Database\BaseBuilder->get()
#5 C:\xampp\htdocs\e-commerce-de-ropa\app\Controllers\Producto_controller.php(29): App\Models\Producto_Model->buscarProductos('2')
#6 C:\xampp\htdocs\e-commerce-de-ropa\system\CodeIgniter.php(933): App\Controllers\Producto_controller->index()
#7 C:\xampp\htdocs\e-commerce-de-ropa\system\CodeIgniter.php(507): CodeIgniter\CodeIgniter->runController(Object(App\Controllers\Producto_controller))
#8 C:\xampp\htdocs\e-commerce-de-ropa\system\CodeIgniter.php(354): CodeIgniter\CodeIgniter->handleRequest(NULL, Object(Config\Cache), false)
#9 C:\xampp\htdocs\e-commerce-de-ropa\system\Boot.php(334): CodeIgniter\CodeIgniter->run()
#10 C:\xampp\htdocs\e-commerce-de-ropa\system\Boot.php(67): CodeIgniter\Boot::runCodeIgniter(Object(CodeIgniter\CodeIgniter))
#11 C:\xampp\htdocs\e-commerce-de-ropa\index.php(56): CodeIgniter\Boot::bootWeb(Object(Config\Paths))
#12 {main}
CRITICAL - 2025-06-17 02:24:09 --> CodeIgniter\Database\Exceptions\DatabaseException: Unknown column 'c.nombre_categoria' in 'field list'
[Method: GET, Route: crud_productos_view]
in SYSTEMPATH\Database\BaseConnection.php on line 692.
 1 SYSTEMPATH\Database\BaseBuilder.php(1649): CodeIgniter\Database\BaseConnection->query('SELECT `p`.*, `c`.`nombre_categoria`, `m`.`nombre_marca`, `t`.`nombre_talle`, `g`.`nombre_genero`, `e`.`nombre_edad`
FROM `productos` `p`
LEFT JOIN `categorias` `c` ON `c`.`id_categoria` = `p`.`categoria_id`
LEFT JOIN `marcas` `m` ON `m`.`id_marca` = `p`.`marca_id`
LEFT JOIN `talles` `t` ON `t`.`id_talle` = `p`.`talle_id`
LEFT JOIN `generos` `g` ON `g`.`id_genero` = `p`.`genero_id`
LEFT JOIN `edades` `e` ON `e`.`id_edad` = `p`.`edad_id`
WHERE `p`.`eliminado` = :p.eliminado:
AND   (
`p`.`nombre_prod` LIKE :p.nombre_prod: ESCAPE \'!\'
OR  `p`.`precio_costo` LIKE :p.precio_costo: ESCAPE \'!\'
OR  `p`.`precio_venta` LIKE :p.precio_venta: ESCAPE \'!\'
OR  `p`.`stock` LIKE :p.stock: ESCAPE \'!\'
OR  `c`.`nombre_categoria` LIKE :c.nombre_categoria: ESCAPE \'!\'
OR  `m`.`nombre_marca` LIKE :m.nombre_marca: ESCAPE \'!\'
OR  `t`.`nombre_talle` LIKE :t.nombre_talle: ESCAPE \'!\'
OR  `g`.`nombre_genero` LIKE :g.nombre_genero: ESCAPE \'!\'
OR  `e`.`nombre_edad` LIKE :e.nombre_edad: ESCAPE \'!\'
 )', [...], false)
 2 APPPATH\Models\Producto_Model.php(48): CodeIgniter\Database\BaseBuilder->get()
 3 APPPATH\Controllers\Producto_controller.php(29): App\Models\Producto_Model->buscarProductos('2')
 4 SYSTEMPATH\CodeIgniter.php(933): App\Controllers\Producto_controller->index()
 5 SYSTEMPATH\CodeIgniter.php(507): CodeIgniter\CodeIgniter->runController(Object(App\Controllers\Producto_controller))
 6 SYSTEMPATH\CodeIgniter.php(354): CodeIgniter\CodeIgniter->handleRequest(null, Object(Config\Cache), false)
 7 SYSTEMPATH\Boot.php(334): CodeIgniter\CodeIgniter->run()
 8 SYSTEMPATH\Boot.php(67): CodeIgniter\Boot::runCodeIgniter(Object(CodeIgniter\CodeIgniter))
 9 FCPATH\index.php(56): CodeIgniter\Boot::bootWeb(Object(Config\Paths))
CRITICAL - 2025-06-17 02:24:09 --> [Caused by] CodeIgniter\Database\Exceptions\DatabaseException: Unknown column 'c.nombre_categoria' in 'field list'
in SYSTEMPATH\Database\MySQLi\Connection.php on line 332.
 1 SYSTEMPATH\Database\BaseConnection.php(738): CodeIgniter\Database\MySQLi\Connection->execute('SELECT `p`.*, `c`.`nombre_categoria`, `m`.`nombre_marca`, `t`.`nombre_talle`, `g`.`nombre_genero`, `e`.`nombre_edad`
FROM `productos` `p`
LEFT JOIN `categorias` `c` ON `c`.`id_categoria` = `p`.`categoria_id`
LEFT JOIN `marcas` `m` ON `m`.`id_marca` = `p`.`marca_id`
LEFT JOIN `talles` `t` ON `t`.`id_talle` = `p`.`talle_id`
LEFT JOIN `generos` `g` ON `g`.`id_genero` = `p`.`genero_id`
LEFT JOIN `edades` `e` ON `e`.`id_edad` = `p`.`edad_id`
WHERE `p`.`eliminado` = 0
AND   (
`p`.`nombre_prod` LIKE \'%2%\' ESCAPE \'!\'
OR  `p`.`precio_costo` LIKE \'%2%\' ESCAPE \'!\'
OR  `p`.`precio_venta` LIKE \'%2%\' ESCAPE \'!\'
OR  `p`.`stock` LIKE \'%2%\' ESCAPE \'!\'
OR  `c`.`nombre_categoria` LIKE \'%2%\' ESCAPE \'!\'
OR  `m`.`nombre_marca` LIKE \'%2%\' ESCAPE \'!\'
OR  `t`.`nombre_talle` LIKE \'%2%\' ESCAPE \'!\'
OR  `g`.`nombre_genero` LIKE \'%2%\' ESCAPE \'!\'
OR  `e`.`nombre_edad` LIKE \'%2%\' ESCAPE \'!\'
 )')
 2 SYSTEMPATH\Database\BaseConnection.php(652): CodeIgniter\Database\BaseConnection->simpleQuery('SELECT `p`.*, `c`.`nombre_categoria`, `m`.`nombre_marca`, `t`.`nombre_talle`, `g`.`nombre_genero`, `e`.`nombre_edad`
FROM `productos` `p`
LEFT JOIN `categorias` `c` ON `c`.`id_categoria` = `p`.`categoria_id`
LEFT JOIN `marcas` `m` ON `m`.`id_marca` = `p`.`marca_id`
LEFT JOIN `talles` `t` ON `t`.`id_talle` = `p`.`talle_id`
LEFT JOIN `generos` `g` ON `g`.`id_genero` = `p`.`genero_id`
LEFT JOIN `edades` `e` ON `e`.`id_edad` = `p`.`edad_id`
WHERE `p`.`eliminado` = 0
AND   (
`p`.`nombre_prod` LIKE \'%2%\' ESCAPE \'!\'
OR  `p`.`precio_costo` LIKE \'%2%\' ESCAPE \'!\'
OR  `p`.`precio_venta` LIKE \'%2%\' ESCAPE \'!\'
OR  `p`.`stock` LIKE \'%2%\' ESCAPE \'!\'
OR  `c`.`nombre_categoria` LIKE \'%2%\' ESCAPE \'!\'
OR  `m`.`nombre_marca` LIKE \'%2%\' ESCAPE \'!\'
OR  `t`.`nombre_talle` LIKE \'%2%\' ESCAPE \'!\'
OR  `g`.`nombre_genero` LIKE \'%2%\' ESCAPE \'!\'
OR  `e`.`nombre_edad` LIKE \'%2%\' ESCAPE \'!\'
 )')
 3 SYSTEMPATH\Database\BaseBuilder.php(1649): CodeIgniter\Database\BaseConnection->query('SELECT `p`.*, `c`.`nombre_categoria`, `m`.`nombre_marca`, `t`.`nombre_talle`, `g`.`nombre_genero`, `e`.`nombre_edad`
FROM `productos` `p`
LEFT JOIN `categorias` `c` ON `c`.`id_categoria` = `p`.`categoria_id`
LEFT JOIN `marcas` `m` ON `m`.`id_marca` = `p`.`marca_id`
LEFT JOIN `talles` `t` ON `t`.`id_talle` = `p`.`talle_id`
LEFT JOIN `generos` `g` ON `g`.`id_genero` = `p`.`genero_id`
LEFT JOIN `edades` `e` ON `e`.`id_edad` = `p`.`edad_id`
WHERE `p`.`eliminado` = :p.eliminado:
AND   (
`p`.`nombre_prod` LIKE :p.nombre_prod: ESCAPE \'!\'
OR  `p`.`precio_costo` LIKE :p.precio_costo: ESCAPE \'!\'
OR  `p`.`precio_venta` LIKE :p.precio_venta: ESCAPE \'!\'
OR  `p`.`stock` LIKE :p.stock: ESCAPE \'!\'
OR  `c`.`nombre_categoria` LIKE :c.nombre_categoria: ESCAPE \'!\'
OR  `m`.`nombre_marca` LIKE :m.nombre_marca: ESCAPE \'!\'
OR  `t`.`nombre_talle` LIKE :t.nombre_talle: ESCAPE \'!\'
OR  `g`.`nombre_genero` LIKE :g.nombre_genero: ESCAPE \'!\'
OR  `e`.`nombre_edad` LIKE :e.nombre_edad: ESCAPE \'!\'
 )', [...], false)
 4 APPPATH\Models\Producto_Model.php(48): CodeIgniter\Database\BaseBuilder->get()
 5 APPPATH\Controllers\Producto_controller.php(29): App\Models\Producto_Model->buscarProductos('2')
 6 SYSTEMPATH\CodeIgniter.php(933): App\Controllers\Producto_controller->index()
 7 SYSTEMPATH\CodeIgniter.php(507): CodeIgniter\CodeIgniter->runController(Object(App\Controllers\Producto_controller))
 8 SYSTEMPATH\CodeIgniter.php(354): CodeIgniter\CodeIgniter->handleRequest(null, Object(Config\Cache), false)
 9 SYSTEMPATH\Boot.php(334): CodeIgniter\CodeIgniter->run()
10 SYSTEMPATH\Boot.php(67): CodeIgniter\Boot::runCodeIgniter(Object(CodeIgniter\CodeIgniter))
11 FCPATH\index.php(56): CodeIgniter\Boot::bootWeb(Object(Config\Paths))
CRITICAL - 2025-06-17 02:24:09 --> [Caused by] mysqli_sql_exception: Unknown column 'c.nombre_categoria' in 'field list'
in SYSTEMPATH\Database\MySQLi\Connection.php on line 327.
 1 SYSTEMPATH\Database\MySQLi\Connection.php(327): mysqli->query('SELECT `p`.*, `c`.`nombre_categoria`, `m`.`nombre_marca`, `t`.`nombre_talle`, `g`.`nombre_genero`, `e`.`nombre_edad`
FROM `productos` `p`
LEFT JOIN `categorias` `c` ON `c`.`id_categoria` = `p`.`categoria_id`
LEFT JOIN `marcas` `m` ON `m`.`id_marca` = `p`.`marca_id`
LEFT JOIN `talles` `t` ON `t`.`id_talle` = `p`.`talle_id`
LEFT JOIN `generos` `g` ON `g`.`id_genero` = `p`.`genero_id`
LEFT JOIN `edades` `e` ON `e`.`id_edad` = `p`.`edad_id`
WHERE `p`.`eliminado` = 0
AND   (
`p`.`nombre_prod` LIKE \'%2%\' ESCAPE \'!\'
OR  `p`.`precio_costo` LIKE \'%2%\' ESCAPE \'!\'
OR  `p`.`precio_venta` LIKE \'%2%\' ESCAPE \'!\'
OR  `p`.`stock` LIKE \'%2%\' ESCAPE \'!\'
OR  `c`.`nombre_categoria` LIKE \'%2%\' ESCAPE \'!\'
OR  `m`.`nombre_marca` LIKE \'%2%\' ESCAPE \'!\'
OR  `t`.`nombre_talle` LIKE \'%2%\' ESCAPE \'!\'
OR  `g`.`nombre_genero` LIKE \'%2%\' ESCAPE \'!\'
OR  `e`.`nombre_edad` LIKE \'%2%\' ESCAPE \'!\'
 )', 0)
 2 SYSTEMPATH\Database\BaseConnection.php(738): CodeIgniter\Database\MySQLi\Connection->execute('SELECT `p`.*, `c`.`nombre_categoria`, `m`.`nombre_marca`, `t`.`nombre_talle`, `g`.`nombre_genero`, `e`.`nombre_edad`
FROM `productos` `p`
LEFT JOIN `categorias` `c` ON `c`.`id_categoria` = `p`.`categoria_id`
LEFT JOIN `marcas` `m` ON `m`.`id_marca` = `p`.`marca_id`
LEFT JOIN `talles` `t` ON `t`.`id_talle` = `p`.`talle_id`
LEFT JOIN `generos` `g` ON `g`.`id_genero` = `p`.`genero_id`
LEFT JOIN `edades` `e` ON `e`.`id_edad` = `p`.`edad_id`
WHERE `p`.`eliminado` = 0
AND   (
`p`.`nombre_prod` LIKE \'%2%\' ESCAPE \'!\'
OR  `p`.`precio_costo` LIKE \'%2%\' ESCAPE \'!\'
OR  `p`.`precio_venta` LIKE \'%2%\' ESCAPE \'!\'
OR  `p`.`stock` LIKE \'%2%\' ESCAPE \'!\'
OR  `c`.`nombre_categoria` LIKE \'%2%\' ESCAPE \'!\'
OR  `m`.`nombre_marca` LIKE \'%2%\' ESCAPE \'!\'
OR  `t`.`nombre_talle` LIKE \'%2%\' ESCAPE \'!\'
OR  `g`.`nombre_genero` LIKE \'%2%\' ESCAPE \'!\'
OR  `e`.`nombre_edad` LIKE \'%2%\' ESCAPE \'!\'
 )')
 3 SYSTEMPATH\Database\BaseConnection.php(652): CodeIgniter\Database\BaseConnection->simpleQuery('SELECT `p`.*, `c`.`nombre_categoria`, `m`.`nombre_marca`, `t`.`nombre_talle`, `g`.`nombre_genero`, `e`.`nombre_edad`
FROM `productos` `p`
LEFT JOIN `categorias` `c` ON `c`.`id_categoria` = `p`.`categoria_id`
LEFT JOIN `marcas` `m` ON `m`.`id_marca` = `p`.`marca_id`
LEFT JOIN `talles` `t` ON `t`.`id_talle` = `p`.`talle_id`
LEFT JOIN `generos` `g` ON `g`.`id_genero` = `p`.`genero_id`
LEFT JOIN `edades` `e` ON `e`.`id_edad` = `p`.`edad_id`
WHERE `p`.`eliminado` = 0
AND   (
`p`.`nombre_prod` LIKE \'%2%\' ESCAPE \'!\'
OR  `p`.`precio_costo` LIKE \'%2%\' ESCAPE \'!\'
OR  `p`.`precio_venta` LIKE \'%2%\' ESCAPE \'!\'
OR  `p`.`stock` LIKE \'%2%\' ESCAPE \'!\'
OR  `c`.`nombre_categoria` LIKE \'%2%\' ESCAPE \'!\'
OR  `m`.`nombre_marca` LIKE \'%2%\' ESCAPE \'!\'
OR  `t`.`nombre_talle` LIKE \'%2%\' ESCAPE \'!\'
OR  `g`.`nombre_genero` LIKE \'%2%\' ESCAPE \'!\'
OR  `e`.`nombre_edad` LIKE \'%2%\' ESCAPE \'!\'
 )')
 4 SYSTEMPATH\Database\BaseBuilder.php(1649): CodeIgniter\Database\BaseConnection->query('SELECT `p`.*, `c`.`nombre_categoria`, `m`.`nombre_marca`, `t`.`nombre_talle`, `g`.`nombre_genero`, `e`.`nombre_edad`
FROM `productos` `p`
LEFT JOIN `categorias` `c` ON `c`.`id_categoria` = `p`.`categoria_id`
LEFT JOIN `marcas` `m` ON `m`.`id_marca` = `p`.`marca_id`
LEFT JOIN `talles` `t` ON `t`.`id_talle` = `p`.`talle_id`
LEFT JOIN `generos` `g` ON `g`.`id_genero` = `p`.`genero_id`
LEFT JOIN `edades` `e` ON `e`.`id_edad` = `p`.`edad_id`
WHERE `p`.`eliminado` = :p.eliminado:
AND   (
`p`.`nombre_prod` LIKE :p.nombre_prod: ESCAPE \'!\'
OR  `p`.`precio_costo` LIKE :p.precio_costo: ESCAPE \'!\'
OR  `p`.`precio_venta` LIKE :p.precio_venta: ESCAPE \'!\'
OR  `p`.`stock` LIKE :p.stock: ESCAPE \'!\'
OR  `c`.`nombre_categoria` LIKE :c.nombre_categoria: ESCAPE \'!\'
OR  `m`.`nombre_marca` LIKE :m.nombre_marca: ESCAPE \'!\'
OR  `t`.`nombre_talle` LIKE :t.nombre_talle: ESCAPE \'!\'
OR  `g`.`nombre_genero` LIKE :g.nombre_genero: ESCAPE \'!\'
OR  `e`.`nombre_edad` LIKE :e.nombre_edad: ESCAPE \'!\'
 )', [...], false)
 5 APPPATH\Models\Producto_Model.php(48): CodeIgniter\Database\BaseBuilder->get()
 6 APPPATH\Controllers\Producto_controller.php(29): App\Models\Producto_Model->buscarProductos('2')
 7 SYSTEMPATH\CodeIgniter.php(933): App\Controllers\Producto_controller->index()
 8 SYSTEMPATH\CodeIgniter.php(507): CodeIgniter\CodeIgniter->runController(Object(App\Controllers\Producto_controller))
 9 SYSTEMPATH\CodeIgniter.php(354): CodeIgniter\CodeIgniter->handleRequest(null, Object(Config\Cache), false)
10 SYSTEMPATH\Boot.php(334): CodeIgniter\CodeIgniter->run()
11 SYSTEMPATH\Boot.php(67): CodeIgniter\Boot::runCodeIgniter(Object(CodeIgniter\CodeIgniter))
12 FCPATH\index.php(56): CodeIgniter\Boot::bootWeb(Object(Config\Paths))
DEBUG - 2025-06-17 02:24:29 --> Session: Class initialized using 'CodeIgniter\Session\Handlers\FileHandler' driver.
DEBUG - 2025-06-17 02:24:35 --> Session: Class initialized using 'CodeIgniter\Session\Handlers\FileHandler' driver.
DEBUG - 2025-06-17 04:15:19 --> Session: Class initialized using 'CodeIgniter\Session\Handlers\FileHandler' driver.
DEBUG - 2025-06-17 04:15:19 --> Session: Class initialized using 'CodeIgniter\Session\Handlers\FileHandler' driver.
DEBUG - 2025-06-17 04:15:25 --> Session: Class initialized using 'CodeIgniter\Session\Handlers\FileHandler' driver.
DEBUG - 2025-06-17 04:15:26 --> Session: Class initialized using 'CodeIgniter\Session\Handlers\FileHandler' driver.
DEBUG - 2025-06-17 04:16:10 --> Session: Class initialized using 'CodeIgniter\Session\Handlers\FileHandler' driver.
DEBUG - 2025-06-17 04:21:41 --> Session: Class initialized using 'CodeIgniter\Session\Handlers\FileHandler' driver.
DEBUG - 2025-06-17 04:22:14 --> Session: Class initialized using 'CodeIgniter\Session\Handlers\FileHandler' driver.
DEBUG - 2025-06-17 04:25:24 --> Session: Class initialized using 'CodeIgniter\Session\Handlers\FileHandler' driver.
DEBUG - 2025-06-17 04:25:30 --> Session: Class initialized using 'CodeIgniter\Session\Handlers\FileHandler' driver.
DEBUG - 2025-06-17 04:26:02 --> Session: Class initialized using 'CodeIgniter\Session\Handlers\FileHandler' driver.
DEBUG - 2025-06-17 04:27:11 --> Session: Class initialized using 'CodeIgniter\Session\Handlers\FileHandler' driver.
DEBUG - 2025-06-17 04:27:36 --> Session: Class initialized using 'CodeIgniter\Session\Handlers\FileHandler' driver.
DEBUG - 2025-06-17 04:28:22 --> Session: Class initialized using 'CodeIgniter\Session\Handlers\FileHandler' driver.
DEBUG - 2025-06-17 04:29:30 --> Session: Class initialized using 'CodeIgniter\Session\Handlers\FileHandler' driver.
DEBUG - 2025-06-17 04:31:28 --> Session: Class initialized using 'CodeIgniter\Session\Handlers\FileHandler' driver.
DEBUG - 2025-06-17 04:36:23 --> Session: Class initialized using 'CodeIgniter\Session\Handlers\FileHandler' driver.
DEBUG - 2025-06-17 04:36:34 --> Session: Class initialized using 'CodeIgniter\Session\Handlers\FileHandler' driver.
