DEBUG - 2025-05-16 18:03:32 --> Session: Class initialized using 'CodeIgniter\Session\Handlers\FileHandler' driver.
CRITICAL - 2025-05-16 20:21:36 --> CodeIgniter\Cache\Exceptions\CacheException: Cache unable to write to "C:\xampp\htdocs\e-commerce-de-ropa\writable\cache/".
[Method: GET, Route: agregarusuario_view]
in SYSTEMPATH\Cache\Handlers\FileHandler.php on line 61.
 1 SYSTEMPATH\Cache\Handlers\FileHandler.php(61): CodeIgniter\Cache\Exceptions\CacheException::forUnableToWrite('C:\\xampp\\htdocs\\e-commerce-de-ropa\\writable\\cache/')
 2 SYSTEMPATH\Cache\CacheFactory.php(67): CodeIgniter\Cache\Handlers\FileHandler->__construct(Object(Config\Cache))
 3 SYSTEMPATH\Config\Services.php(129): CodeIgniter\Cache\CacheFactory::getHandler(Object(Config\Cache))
 4 SYSTEMPATH\Config\BaseService.php(312): CodeIgniter\Config\Services::cache(Object(Config\Cache), false)
 5 SYSTEMPATH\Config\BaseService.php(251): CodeIgniter\Config\BaseService::__callStatic('cache', [...])
 6 SYSTEMPATH\Config\Services.php(124): CodeIgniter\Config\BaseService::getSharedInstance('cache', null)
 7 SYSTEMPATH\Config\BaseService.php(321): CodeIgniter\Config\Services::cache()
 8 SYSTEMPATH\Config\BaseService.php(202): CodeIgniter\Config\BaseService::__callStatic('cache', [])
 9 SYSTEMPATH\Config\Services.php(454): CodeIgniter\Config\BaseService::get('cache')
10 SYSTEMPATH\Config\BaseService.php(312): CodeIgniter\Config\Services::responsecache(Object(Config\Cache), null, false)
11 SYSTEMPATH\Config\BaseService.php(251): CodeIgniter\Config\BaseService::__callStatic('responsecache', [...])
12 SYSTEMPATH\Config\Services.php(450): CodeIgniter\Config\BaseService::getSharedInstance('responsecache', null, null)
13 SYSTEMPATH\Config\BaseService.php(321): CodeIgniter\Config\Services::responsecache()
14 SYSTEMPATH\CodeIgniter.php(178): CodeIgniter\Config\BaseService::__callStatic('responsecache', [])
15 SYSTEMPATH\Config\Services.php(164): CodeIgniter\CodeIgniter->__construct(Object(Config\App))
16 SYSTEMPATH\Config\BaseService.php(312): CodeIgniter\Config\Services::codeigniter(Object(Config\App), false)
17 SYSTEMPATH\Config\BaseService.php(251): CodeIgniter\Config\BaseService::__callStatic('codeigniter', [...])
18 SYSTEMPATH\Config\Services.php(159): CodeIgniter\Config\BaseService::getSharedInstance('codeigniter', null)
19 SYSTEMPATH\Config\BaseService.php(321): CodeIgniter\Config\Services::codeigniter()
20 SYSTEMPATH\Config\BaseService.php(202): CodeIgniter\Config\BaseService::__callStatic('codeigniter', [])
21 SYSTEMPATH\Common.php(1000): CodeIgniter\Config\BaseService::get('codeigniter')
22 SYSTEMPATH\Boot.php(320): service('codeigniter')
23 SYSTEMPATH\Boot.php(66): CodeIgniter\Boot::initializeCodeIgniter()
24 FCPATH\index.php(56): CodeIgniter\Boot::bootWeb(Object(Config\Paths))
CRITICAL - 2025-05-16 20:23:16 --> CodeIgniter\Cache\Exceptions\CacheException: Cache unable to write to "C:\xampp\htdocs\e-commerce-de-ropa\writable\cache/".
[Method: GET, Route: agregarusuario_view]
in SYSTEMPATH\Cache\Handlers\FileHandler.php on line 61.
 1 SYSTEMPATH\Cache\Handlers\FileHandler.php(61): CodeIgniter\Cache\Exceptions\CacheException::forUnableToWrite('C:\\xampp\\htdocs\\e-commerce-de-ropa\\writable\\cache/')
 2 SYSTEMPATH\Cache\CacheFactory.php(67): CodeIgniter\Cache\Handlers\FileHandler->__construct(Object(Config\Cache))
 3 SYSTEMPATH\Config\Services.php(129): CodeIgniter\Cache\CacheFactory::getHandler(Object(Config\Cache))
 4 SYSTEMPATH\Config\BaseService.php(312): CodeIgniter\Config\Services::cache(Object(Config\Cache), false)
 5 SYSTEMPATH\Config\BaseService.php(251): CodeIgniter\Config\BaseService::__callStatic('cache', [...])
 6 SYSTEMPATH\Config\Services.php(124): CodeIgniter\Config\BaseService::getSharedInstance('cache', null)
 7 SYSTEMPATH\Config\BaseService.php(321): CodeIgniter\Config\Services::cache()
 8 SYSTEMPATH\Config\BaseService.php(202): CodeIgniter\Config\BaseService::__callStatic('cache', [])
 9 SYSTEMPATH\Config\Services.php(454): CodeIgniter\Config\BaseService::get('cache')
10 SYSTEMPATH\Config\BaseService.php(312): CodeIgniter\Config\Services::responsecache(Object(Config\Cache), null, false)
11 SYSTEMPATH\Config\BaseService.php(251): CodeIgniter\Config\BaseService::__callStatic('responsecache', [...])
12 SYSTEMPATH\Config\Services.php(450): CodeIgniter\Config\BaseService::getSharedInstance('responsecache', null, null)
13 SYSTEMPATH\Config\BaseService.php(321): CodeIgniter\Config\Services::responsecache()
14 SYSTEMPATH\CodeIgniter.php(178): CodeIgniter\Config\BaseService::__callStatic('responsecache', [])
15 SYSTEMPATH\Config\Services.php(164): CodeIgniter\CodeIgniter->__construct(Object(Config\App))
16 SYSTEMPATH\Config\BaseService.php(312): CodeIgniter\Config\Services::codeigniter(Object(Config\App), false)
17 SYSTEMPATH\Config\BaseService.php(251): CodeIgniter\Config\BaseService::__callStatic('codeigniter', [...])
18 SYSTEMPATH\Config\Services.php(159): CodeIgniter\Config\BaseService::getSharedInstance('codeigniter', null)
19 SYSTEMPATH\Config\BaseService.php(321): CodeIgniter\Config\Services::codeigniter()
20 SYSTEMPATH\Config\BaseService.php(202): CodeIgniter\Config\BaseService::__callStatic('codeigniter', [])
21 SYSTEMPATH\Common.php(1000): CodeIgniter\Config\BaseService::get('codeigniter')
22 SYSTEMPATH\Boot.php(320): service('codeigniter')
23 SYSTEMPATH\Boot.php(66): CodeIgniter\Boot::initializeCodeIgniter()
24 FCPATH\index.php(56): CodeIgniter\Boot::bootWeb(Object(Config\Paths))
CRITICAL - 2025-05-16 20:29:24 --> CodeIgniter\Cache\Exceptions\CacheException: Cache unable to write to "C:\xampp\htdocs\e-commerce-de-ropa\writable\cache/".
[Method: GET, Route: /]
in SYSTEMPATH\Cache\Handlers\FileHandler.php on line 61.
 1 SYSTEMPATH\Cache\Handlers\FileHandler.php(61): CodeIgniter\Cache\Exceptions\CacheException::forUnableToWrite('C:\\xampp\\htdocs\\e-commerce-de-ropa\\writable\\cache/')
 2 SYSTEMPATH\Cache\CacheFactory.php(67): CodeIgniter\Cache\Handlers\FileHandler->__construct(Object(Config\Cache))
 3 SYSTEMPATH\Config\Services.php(129): CodeIgniter\Cache\CacheFactory::getHandler(Object(Config\Cache))
 4 SYSTEMPATH\Config\BaseService.php(312): CodeIgniter\Config\Services::cache(Object(Config\Cache), false)
 5 SYSTEMPATH\Config\BaseService.php(251): CodeIgniter\Config\BaseService::__callStatic('cache', [...])
 6 SYSTEMPATH\Config\Services.php(124): CodeIgniter\Config\BaseService::getSharedInstance('cache', null)
 7 SYSTEMPATH\Config\BaseService.php(321): CodeIgniter\Config\Services::cache()
 8 SYSTEMPATH\Config\BaseService.php(202): CodeIgniter\Config\BaseService::__callStatic('cache', [])
 9 SYSTEMPATH\Config\Services.php(454): CodeIgniter\Config\BaseService::get('cache')
10 SYSTEMPATH\Config\BaseService.php(312): CodeIgniter\Config\Services::responsecache(Object(Config\Cache), null, false)
11 SYSTEMPATH\Config\BaseService.php(251): CodeIgniter\Config\BaseService::__callStatic('responsecache', [...])
12 SYSTEMPATH\Config\Services.php(450): CodeIgniter\Config\BaseService::getSharedInstance('responsecache', null, null)
13 SYSTEMPATH\Config\BaseService.php(321): CodeIgniter\Config\Services::responsecache()
14 SYSTEMPATH\CodeIgniter.php(178): CodeIgniter\Config\BaseService::__callStatic('responsecache', [])
15 SYSTEMPATH\Config\Services.php(164): CodeIgniter\CodeIgniter->__construct(Object(Config\App))
16 SYSTEMPATH\Config\BaseService.php(312): CodeIgniter\Config\Services::codeigniter(Object(Config\App), false)
17 SYSTEMPATH\Config\BaseService.php(251): CodeIgniter\Config\BaseService::__callStatic('codeigniter', [...])
18 SYSTEMPATH\Config\Services.php(159): CodeIgniter\Config\BaseService::getSharedInstance('codeigniter', null)
19 SYSTEMPATH\Config\BaseService.php(321): CodeIgniter\Config\Services::codeigniter()
20 SYSTEMPATH\Config\BaseService.php(202): CodeIgniter\Config\BaseService::__callStatic('codeigniter', [])
21 SYSTEMPATH\Common.php(1000): CodeIgniter\Config\BaseService::get('codeigniter')
22 SYSTEMPATH\Boot.php(320): service('codeigniter')
23 SYSTEMPATH\Boot.php(66): CodeIgniter\Boot::initializeCodeIgniter()
24 FCPATH\index.php(56): CodeIgniter\Boot::bootWeb(Object(Config\Paths))
DEBUG - 2025-05-16 18:33:19 --> Session: Class initialized using 'CodeIgniter\Session\Handlers\FileHandler' driver.
ERROR - 2025-05-16 18:34:00 --> Error connecting to the database: mysqli_sql_exception: Unknown database 'bd_garavaglia_miguel_gauto_ivan' in C:\xampp\htdocs\e-commerce-de-ropa\system\Database\MySQLi\Connection.php:201
Stack trace:
#0 C:\xampp\htdocs\e-commerce-de-ropa\system\Database\MySQLi\Connection.php(201): mysqli->real_connect('localhost', 'root', Object(SensitiveParameterValue), 'bd_garavaglia_m...', 3306, '', 0)
#1 C:\xampp\htdocs\e-commerce-de-ropa\system\Database\BaseConnection.php(421): CodeIgniter\Database\MySQLi\Connection->connect(false)
#2 C:\xampp\htdocs\e-commerce-de-ropa\system\Database\BaseConnection.php(620): CodeIgniter\Database\BaseConnection->initialize()
#3 C:\xampp\htdocs\e-commerce-de-ropa\system\Database\BaseBuilder.php(1649): CodeIgniter\Database\BaseConnection->query('SELECT 1\nFROM `...', Array, false)
#4 C:\xampp\htdocs\e-commerce-de-ropa\system\Validation\Rules.php(175): CodeIgniter\Database\BaseBuilder->get()
#5 C:\xampp\htdocs\e-commerce-de-ropa\system\Validation\StrictRules\Rules.php(187): CodeIgniter\Validation\Rules->is_unique('ivangauto602160...', 'usuarios.email', Array)
#6 C:\xampp\htdocs\e-commerce-de-ropa\system\Validation\Validation.php(337): CodeIgniter\Validation\StrictRules\Rules->is_unique('ivangauto602160...', 'usuarios.email', Array, NULL, 'email')
#7 C:\xampp\htdocs\e-commerce-de-ropa\system\Validation\Validation.php(202): CodeIgniter\Validation\Validation->processRules('email', 'email', 'ivangauto602160...', Array, Array, 'email')
#8 C:\xampp\htdocs\e-commerce-de-ropa\system\Controller.php(138): CodeIgniter\Validation\Validation->run()
#9 C:\xampp\htdocs\e-commerce-de-ropa\app\Controllers\usuario_controller.php(54): CodeIgniter\Controller->validate(Array, Array)
#10 C:\xampp\htdocs\e-commerce-de-ropa\system\CodeIgniter.php(933): App\Controllers\usuario_controller->agregar_usuario()
#11 C:\xampp\htdocs\e-commerce-de-ropa\system\CodeIgniter.php(507): CodeIgniter\CodeIgniter->runController(Object(App\Controllers\usuario_controller))
#12 C:\xampp\htdocs\e-commerce-de-ropa\system\CodeIgniter.php(354): CodeIgniter\CodeIgniter->handleRequest(NULL, Object(Config\Cache), false)
#13 C:\xampp\htdocs\e-commerce-de-ropa\system\Boot.php(334): CodeIgniter\CodeIgniter->run()
#14 C:\xampp\htdocs\e-commerce-de-ropa\system\Boot.php(67): CodeIgniter\Boot::runCodeIgniter(Object(CodeIgniter\CodeIgniter))
#15 C:\xampp\htdocs\e-commerce-de-ropa\index.php(56): CodeIgniter\Boot::bootWeb(Object(Config\Paths))
#16 {main}

Next CodeIgniter\Database\Exceptions\DatabaseException: Unknown database 'bd_garavaglia_miguel_gauto_ivan' in C:\xampp\htdocs\e-commerce-de-ropa\system\Database\MySQLi\Connection.php:246
Stack trace:
#0 C:\xampp\htdocs\e-commerce-de-ropa\system\Database\BaseConnection.php(421): CodeIgniter\Database\MySQLi\Connection->connect(false)
#1 C:\xampp\htdocs\e-commerce-de-ropa\system\Database\BaseConnection.php(620): CodeIgniter\Database\BaseConnection->initialize()
#2 C:\xampp\htdocs\e-commerce-de-ropa\system\Database\BaseBuilder.php(1649): CodeIgniter\Database\BaseConnection->query('SELECT 1\nFROM `...', Array, false)
#3 C:\xampp\htdocs\e-commerce-de-ropa\system\Validation\Rules.php(175): CodeIgniter\Database\BaseBuilder->get()
#4 C:\xampp\htdocs\e-commerce-de-ropa\system\Validation\StrictRules\Rules.php(187): CodeIgniter\Validation\Rules->is_unique('ivangauto602160...', 'usuarios.email', Array)
#5 C:\xampp\htdocs\e-commerce-de-ropa\system\Validation\Validation.php(337): CodeIgniter\Validation\StrictRules\Rules->is_unique('ivangauto602160...', 'usuarios.email', Array, NULL, 'email')
#6 C:\xampp\htdocs\e-commerce-de-ropa\system\Validation\Validation.php(202): CodeIgniter\Validation\Validation->processRules('email', 'email', 'ivangauto602160...', Array, Array, 'email')
#7 C:\xampp\htdocs\e-commerce-de-ropa\system\Controller.php(138): CodeIgniter\Validation\Validation->run()
#8 C:\xampp\htdocs\e-commerce-de-ropa\app\Controllers\usuario_controller.php(54): CodeIgniter\Controller->validate(Array, Array)
#9 C:\xampp\htdocs\e-commerce-de-ropa\system\CodeIgniter.php(933): App\Controllers\usuario_controller->agregar_usuario()
#10 C:\xampp\htdocs\e-commerce-de-ropa\system\CodeIgniter.php(507): CodeIgniter\CodeIgniter->runController(Object(App\Controllers\usuario_controller))
#11 C:\xampp\htdocs\e-commerce-de-ropa\system\CodeIgniter.php(354): CodeIgniter\CodeIgniter->handleRequest(NULL, Object(Config\Cache), false)
#12 C:\xampp\htdocs\e-commerce-de-ropa\system\Boot.php(334): CodeIgniter\CodeIgniter->run()
#13 C:\xampp\htdocs\e-commerce-de-ropa\system\Boot.php(67): CodeIgniter\Boot::runCodeIgniter(Object(CodeIgniter\CodeIgniter))
#14 C:\xampp\htdocs\e-commerce-de-ropa\index.php(56): CodeIgniter\Boot::bootWeb(Object(Config\Paths))
#15 {main}
CRITICAL - 2025-05-16 18:34:00 --> CodeIgniter\Database\Exceptions\DatabaseException: Unable to connect to the database.
Main connection [MySQLi]: Unknown database 'bd_garavaglia_miguel_gauto_ivan'
[Method: POST, Route: usuario/agregar]
in SYSTEMPATH\Database\BaseConnection.php on line 467.
 1 SYSTEMPATH\Database\BaseConnection.php(620): CodeIgniter\Database\BaseConnection->initialize()
 2 SYSTEMPATH\Database\BaseBuilder.php(1649): CodeIgniter\Database\BaseConnection->query('SELECT 1
FROM `usuarios`
WHERE `email` = :email:
 LIMIT 1', [...], false)
 3 SYSTEMPATH\Validation\Rules.php(175): CodeIgniter\Database\BaseBuilder->get()
 4 SYSTEMPATH\Validation\StrictRules\Rules.php(187): CodeIgniter\Validation\Rules->is_unique('ivangauto602160@gmail.com', 'usuarios.email', [...])
 5 SYSTEMPATH\Validation\Validation.php(337): CodeIgniter\Validation\StrictRules\Rules->is_unique('ivangauto602160@gmail.com', 'usuarios.email', [...], null, 'email')
 6 SYSTEMPATH\Validation\Validation.php(202): CodeIgniter\Validation\Validation->processRules('email', 'email', 'ivangauto602160@gmail.com', [...], [...], 'email')
 7 SYSTEMPATH\Controller.php(138): CodeIgniter\Validation\Validation->run()
 8 APPPATH\Controllers\usuario_controller.php(54): CodeIgniter\Controller->validate([...], [...])
 9 SYSTEMPATH\CodeIgniter.php(933): App\Controllers\usuario_controller->agregar_usuario()
10 SYSTEMPATH\CodeIgniter.php(507): CodeIgniter\CodeIgniter->runController(Object(App\Controllers\usuario_controller))
11 SYSTEMPATH\CodeIgniter.php(354): CodeIgniter\CodeIgniter->handleRequest(null, Object(Config\Cache), false)
12 SYSTEMPATH\Boot.php(334): CodeIgniter\CodeIgniter->run()
13 SYSTEMPATH\Boot.php(67): CodeIgniter\Boot::runCodeIgniter(Object(CodeIgniter\CodeIgniter))
14 FCPATH\index.php(56): CodeIgniter\Boot::bootWeb(Object(Config\Paths))
DEBUG - 2025-05-16 18:52:47 --> Session: Class initialized using 'CodeIgniter\Session\Handlers\FileHandler' driver.
DEBUG - 2025-05-16 18:52:50 --> Session: Class initialized using 'CodeIgniter\Session\Handlers\FileHandler' driver.
DEBUG - 2025-05-16 18:53:13 --> Session: Class initialized using 'CodeIgniter\Session\Handlers\FileHandler' driver.
DEBUG - 2025-05-16 18:53:14 --> Session: Class initialized using 'CodeIgniter\Session\Handlers\FileHandler' driver.
DEBUG - 2025-05-16 18:53:39 --> Session: Class initialized using 'CodeIgniter\Session\Handlers\FileHandler' driver.
DEBUG - 2025-05-16 18:54:46 --> Session: Class initialized using 'CodeIgniter\Session\Handlers\FileHandler' driver.
DEBUG - 2025-05-16 19:00:56 --> Session: Class initialized using 'CodeIgniter\Session\Handlers\FileHandler' driver.
DEBUG - 2025-05-16 19:01:26 --> Session: Class initialized using 'CodeIgniter\Session\Handlers\FileHandler' driver.
DEBUG - 2025-05-16 19:01:42 --> Session: Class initialized using 'CodeIgniter\Session\Handlers\FileHandler' driver.
DEBUG - 2025-05-16 19:02:06 --> Session: Class initialized using 'CodeIgniter\Session\Handlers\FileHandler' driver.
DEBUG - 2025-05-16 19:02:12 --> Session: Class initialized using 'CodeIgniter\Session\Handlers\FileHandler' driver.
DEBUG - 2025-05-16 19:02:39 --> Session: Class initialized using 'CodeIgniter\Session\Handlers\FileHandler' driver.
DEBUG - 2025-05-16 19:03:35 --> Session: Class initialized using 'CodeIgniter\Session\Handlers\FileHandler' driver.
DEBUG - 2025-05-16 19:03:48 --> Session: Class initialized using 'CodeIgniter\Session\Handlers\FileHandler' driver.
DEBUG - 2025-05-16 19:04:09 --> Session: Class initialized using 'CodeIgniter\Session\Handlers\FileHandler' driver.
DEBUG - 2025-05-16 19:04:17 --> Session: Class initialized using 'CodeIgniter\Session\Handlers\FileHandler' driver.
DEBUG - 2025-05-16 19:04:37 --> Session: Class initialized using 'CodeIgniter\Session\Handlers\FileHandler' driver.
DEBUG - 2025-05-16 19:04:46 --> Session: Class initialized using 'CodeIgniter\Session\Handlers\FileHandler' driver.
DEBUG - 2025-05-16 19:04:55 --> Session: Class initialized using 'CodeIgniter\Session\Handlers\FileHandler' driver.
DEBUG - 2025-05-16 19:05:02 --> Session: Class initialized using 'CodeIgniter\Session\Handlers\FileHandler' driver.
DEBUG - 2025-05-16 19:05:08 --> Session: Class initialized using 'CodeIgniter\Session\Handlers\FileHandler' driver.
DEBUG - 2025-05-16 19:05:20 --> Session: Class initialized using 'CodeIgniter\Session\Handlers\FileHandler' driver.
DEBUG - 2025-05-16 19:05:33 --> Session: Class initialized using 'CodeIgniter\Session\Handlers\FileHandler' driver.
DEBUG - 2025-05-16 19:06:30 --> Session: Class initialized using 'CodeIgniter\Session\Handlers\FileHandler' driver.
DEBUG - 2025-05-16 19:06:47 --> Session: Class initialized using 'CodeIgniter\Session\Handlers\FileHandler' driver.
DEBUG - 2025-05-16 19:07:10 --> Session: Class initialized using 'CodeIgniter\Session\Handlers\FileHandler' driver.
DEBUG - 2025-05-16 19:07:16 --> Session: Class initialized using 'CodeIgniter\Session\Handlers\FileHandler' driver.
DEBUG - 2025-05-16 19:07:46 --> Session: Class initialized using 'CodeIgniter\Session\Handlers\FileHandler' driver.
DEBUG - 2025-05-16 19:08:20 --> Session: Class initialized using 'CodeIgniter\Session\Handlers\FileHandler' driver.
DEBUG - 2025-05-16 19:08:29 --> Session: Class initialized using 'CodeIgniter\Session\Handlers\FileHandler' driver.
DEBUG - 2025-05-16 19:10:09 --> Session: Class initialized using 'CodeIgniter\Session\Handlers\FileHandler' driver.
DEBUG - 2025-05-16 19:10:21 --> Session: Class initialized using 'CodeIgniter\Session\Handlers\FileHandler' driver.
DEBUG - 2025-05-16 19:12:50 --> Session: Class initialized using 'CodeIgniter\Session\Handlers\FileHandler' driver.
DEBUG - 2025-05-16 19:14:11 --> Session: Class initialized using 'CodeIgniter\Session\Handlers\FileHandler' driver.
DEBUG - 2025-05-16 19:15:03 --> Session: Class initialized using 'CodeIgniter\Session\Handlers\FileHandler' driver.
DEBUG - 2025-05-16 19:15:27 --> Session: Class initialized using 'CodeIgniter\Session\Handlers\FileHandler' driver.
DEBUG - 2025-05-16 19:15:40 --> Session: Class initialized using 'CodeIgniter\Session\Handlers\FileHandler' driver.
DEBUG - 2025-05-16 19:17:44 --> Session: Class initialized using 'CodeIgniter\Session\Handlers\FileHandler' driver.
DEBUG - 2025-05-16 19:17:54 --> Session: Class initialized using 'CodeIgniter\Session\Handlers\FileHandler' driver.
DEBUG - 2025-05-16 19:18:05 --> Session: Class initialized using 'CodeIgniter\Session\Handlers\FileHandler' driver.
DEBUG - 2025-05-16 19:18:19 --> Session: Class initialized using 'CodeIgniter\Session\Handlers\FileHandler' driver.
DEBUG - 2025-05-16 19:18:35 --> Session: Class initialized using 'CodeIgniter\Session\Handlers\FileHandler' driver.
DEBUG - 2025-05-16 19:18:44 --> Session: Class initialized using 'CodeIgniter\Session\Handlers\FileHandler' driver.
DEBUG - 2025-05-16 19:18:53 --> Session: Class initialized using 'CodeIgniter\Session\Handlers\FileHandler' driver.
DEBUG - 2025-05-16 19:18:59 --> Session: Class initialized using 'CodeIgniter\Session\Handlers\FileHandler' driver.
DEBUG - 2025-05-16 19:19:28 --> Session: Class initialized using 'CodeIgniter\Session\Handlers\FileHandler' driver.
DEBUG - 2025-05-16 19:20:01 --> Session: Class initialized using 'CodeIgniter\Session\Handlers\FileHandler' driver.
DEBUG - 2025-05-16 19:20:09 --> Session: Class initialized using 'CodeIgniter\Session\Handlers\FileHandler' driver.
DEBUG - 2025-05-16 19:20:17 --> Session: Class initialized using 'CodeIgniter\Session\Handlers\FileHandler' driver.
DEBUG - 2025-05-16 19:20:35 --> Session: Class initialized using 'CodeIgniter\Session\Handlers\FileHandler' driver.
DEBUG - 2025-05-16 19:20:44 --> Session: Class initialized using 'CodeIgniter\Session\Handlers\FileHandler' driver.
DEBUG - 2025-05-16 19:21:19 --> Session: Class initialized using 'CodeIgniter\Session\Handlers\FileHandler' driver.
DEBUG - 2025-05-16 19:21:35 --> Session: Class initialized using 'CodeIgniter\Session\Handlers\FileHandler' driver.
DEBUG - 2025-05-16 19:22:00 --> Session: Class initialized using 'CodeIgniter\Session\Handlers\FileHandler' driver.
DEBUG - 2025-05-16 19:22:08 --> Session: Class initialized using 'CodeIgniter\Session\Handlers\FileHandler' driver.
DEBUG - 2025-05-16 19:22:15 --> Session: Class initialized using 'CodeIgniter\Session\Handlers\FileHandler' driver.
DEBUG - 2025-05-16 19:22:55 --> Session: Class initialized using 'CodeIgniter\Session\Handlers\FileHandler' driver.
DEBUG - 2025-05-16 19:23:07 --> Session: Class initialized using 'CodeIgniter\Session\Handlers\FileHandler' driver.
DEBUG - 2025-05-16 19:23:27 --> Session: Class initialized using 'CodeIgniter\Session\Handlers\FileHandler' driver.
DEBUG - 2025-05-16 19:23:42 --> Session: Class initialized using 'CodeIgniter\Session\Handlers\FileHandler' driver.
DEBUG - 2025-05-16 19:24:02 --> Session: Class initialized using 'CodeIgniter\Session\Handlers\FileHandler' driver.
DEBUG - 2025-05-16 19:24:09 --> Session: Class initialized using 'CodeIgniter\Session\Handlers\FileHandler' driver.
DEBUG - 2025-05-16 19:24:48 --> Session: Class initialized using 'CodeIgniter\Session\Handlers\FileHandler' driver.
DEBUG - 2025-05-16 19:25:00 --> Session: Class initialized using 'CodeIgniter\Session\Handlers\FileHandler' driver.
DEBUG - 2025-05-16 19:25:08 --> Session: Class initialized using 'CodeIgniter\Session\Handlers\FileHandler' driver.
DEBUG - 2025-05-16 19:25:25 --> Session: Class initialized using 'CodeIgniter\Session\Handlers\FileHandler' driver.
DEBUG - 2025-05-16 19:26:17 --> Session: Class initialized using 'CodeIgniter\Session\Handlers\FileHandler' driver.
DEBUG - 2025-05-16 19:27:19 --> Session: Class initialized using 'CodeIgniter\Session\Handlers\FileHandler' driver.
DEBUG - 2025-05-16 19:27:41 --> Session: Class initialized using 'CodeIgniter\Session\Handlers\FileHandler' driver.
DEBUG - 2025-05-16 19:27:50 --> Session: Class initialized using 'CodeIgniter\Session\Handlers\FileHandler' driver.
DEBUG - 2025-05-16 19:27:59 --> Session: Class initialized using 'CodeIgniter\Session\Handlers\FileHandler' driver.
DEBUG - 2025-05-16 19:28:14 --> Session: Class initialized using 'CodeIgniter\Session\Handlers\FileHandler' driver.
DEBUG - 2025-05-16 19:28:46 --> Session: Class initialized using 'CodeIgniter\Session\Handlers\FileHandler' driver.
DEBUG - 2025-05-16 19:29:25 --> Session: Class initialized using 'CodeIgniter\Session\Handlers\FileHandler' driver.
DEBUG - 2025-05-16 19:29:44 --> Session: Class initialized using 'CodeIgniter\Session\Handlers\FileHandler' driver.
DEBUG - 2025-05-16 19:30:24 --> Session: Class initialized using 'CodeIgniter\Session\Handlers\FileHandler' driver.
DEBUG - 2025-05-16 19:31:30 --> Session: Class initialized using 'CodeIgniter\Session\Handlers\FileHandler' driver.
DEBUG - 2025-05-16 19:31:54 --> Session: Class initialized using 'CodeIgniter\Session\Handlers\FileHandler' driver.
DEBUG - 2025-05-16 19:32:28 --> Session: Class initialized using 'CodeIgniter\Session\Handlers\FileHandler' driver.
DEBUG - 2025-05-16 19:32:50 --> Session: Class initialized using 'CodeIgniter\Session\Handlers\FileHandler' driver.
DEBUG - 2025-05-16 19:33:08 --> Session: Class initialized using 'CodeIgniter\Session\Handlers\FileHandler' driver.
