CRITICAL - 2025-04-30 18:41:51 --> ErrorException: Undefined variable $genero
[Method: GET, Route: plantilla_productos/Mujer]
in APPPATH\Views\front\plantilla_productos.php on line 6.
 1 APPPATH\Views\front\plantilla_productos.php(6): CodeIgniter\Debug\Exceptions->errorHandler(2, 'Undefined variable $genero', 'C:\\xampp\\htdocs\\e-commerce-de-ropa\\app\\Views\\front\\plantilla_productos.php', 6)
 2 SYSTEMPATH\View\View.php(224): include('C:\\xampp\\htdocs\\e-commerce-de-ropa\\app\\Views\\front\\plantilla_productos.php')
 3 SYSTEMPATH\View\View.php(227): CodeIgniter\View\View->CodeIgniter\View\{closure}()
 4 SYSTEMPATH\Common.php(1173): CodeIgniter\View\View->render('front/plantilla_productos', [], true)
 5 APPPATH\Controllers\Home.php(36): view('front/plantilla_productos', [...])
 6 SYSTEMPATH\CodeIgniter.php(933): App\Controllers\Home->plantilla_productos('Mujer')
 7 SYSTEMPATH\CodeIgniter.php(507): CodeIgniter\CodeIgniter->runController(Object(App\Controllers\Home))
 8 SYSTEMPATH\CodeIgniter.php(354): CodeIgniter\CodeIgniter->handleRequest(null, Object(Config\Cache), false)
 9 SYSTEMPATH\Boot.php(334): CodeIgniter\CodeIgniter->run()
10 SYSTEMPATH\Boot.php(67): CodeIgniter\Boot::runCodeIgniter(Object(CodeIgniter\CodeIgniter))
11 FCPATH\index.php(56): CodeIgniter\Boot::bootWeb(Object(Config\Paths))
CRITICAL - 2025-04-30 18:42:31 --> ErrorException: Undefined variable $categoria
[Method: GET, Route: plantilla_productos/Mujer]
in APPPATH\Views\front\plantilla_productos.php on line 6.
 1 APPPATH\Views\front\plantilla_productos.php(6): CodeIgniter\Debug\Exceptions->errorHandler(2, 'Undefined variable $categoria', 'C:\\xampp\\htdocs\\e-commerce-de-ropa\\app\\Views\\front\\plantilla_productos.php', 6)
 2 SYSTEMPATH\View\View.php(224): include('C:\\xampp\\htdocs\\e-commerce-de-ropa\\app\\Views\\front\\plantilla_productos.php')
 3 SYSTEMPATH\View\View.php(227): CodeIgniter\View\View->CodeIgniter\View\{closure}()
 4 SYSTEMPATH\Common.php(1173): CodeIgniter\View\View->render('front/plantilla_productos', [], true)
 5 APPPATH\Controllers\Home.php(36): view('front/plantilla_productos', [...])
 6 SYSTEMPATH\CodeIgniter.php(933): App\Controllers\Home->plantilla_productos('Mujer')
 7 SYSTEMPATH\CodeIgniter.php(507): CodeIgniter\CodeIgniter->runController(Object(App\Controllers\Home))
 8 SYSTEMPATH\CodeIgniter.php(354): CodeIgniter\CodeIgniter->handleRequest(null, Object(Config\Cache), false)
 9 SYSTEMPATH\Boot.php(334): CodeIgniter\CodeIgniter->run()
10 SYSTEMPATH\Boot.php(67): CodeIgniter\Boot::runCodeIgniter(Object(CodeIgniter\CodeIgniter))
11 FCPATH\index.php(56): CodeIgniter\Boot::bootWeb(Object(Config\Paths))
